# JRE version: Java(TM) SE Runtime Environment (8.0_321-b07) (build 1.8.0_321-b07)
# Java VM: Java HotSpot(TM) 64-Bit Server VM (25.321-b07 mixed mode windows-amd64 compressed oops)
Heap:
 PSYoungGen      total 65024K, used 34637K [0x00000000ec600000, 0x00000000f1400000, 0x0000000100000000)
  eden space 50688K, 43% used [0x00000000ec600000,0x00000000edb72d68,0x00000000ef780000)
  from space 14336K, 88% used [0x00000000ef780000,0x00000000f03e0900,0x00000000f0580000)
  to   space 14336K, 0% used [0x00000000f0580000,0x00000000f0580000,0x00000000f1380000)
 ParOldGen       total 37888K, used 20091K [0x00000000c5200000, 0x00000000c7700000, 0x00000000ec600000)
  object space 37888K, 53% used [0x00000000c5200000,0x00000000c659ee88,0x00000000c7700000)
 Metaspace       used 28045K, capacity 28936K, committed 29184K, reserved 1075200K
  class space    used 3526K, capacity 3735K, committed 3840K, reserved 1048576K
GC Heap History (10 events):
Event: 46.933 GC heap before
{Heap before GC invocations=8 (full 1):
 PSYoungGen      total 28160K, used 26383K [0x00000000ec600000, 0x00000000ee980000, 0x0000000100000000)
  eden space 22016K, 100% used [0x00000000ec600000,0x00000000edb80000,0x00000000edb80000)
  from space 6144K, 71% used [0x00000000ee380000,0x00000000ee7c3f28,0x00000000ee980000)
  to   space 7168K, 0% used [0x00000000edb80000,0x00000000edb80000,0x00000000ee280000)
 ParOldGen       total 37888K, used 9966K [0x00000000c5200000, 0x00000000c7700000, 0x00000000ec600000)
  object space 37888K, 26% used [0x00000000c5200000,0x00000000c5bbbba0,0x00000000c7700000)
 Metaspace       used 27039K, capacity 27930K, committed 28160K, reserved 1073152K
  class space    used 3514K, capacity 3732K, committed 3840K, reserved 1048576K
Event: 46.970 GC heap after
Heap after GC invocations=8 (full 1):
 PSYoungGen      total 29184K, used 7152K [0x00000000ec600000, 0x00000000eff00000, 0x0000000100000000)
  eden space 22016K, 0% used [0x00000000ec600000,0x00000000ec600000,0x00000000edb80000)
  from space 7168K, 99% used [0x00000000edb80000,0x00000000ee27c348,0x00000000ee280000)
  to   space 11264K, 0% used [0x00000000ef400000,0x00000000ef400000,0x00000000eff00000)
 ParOldGen       total 37888K, used 15919K [0x00000000c5200000, 0x00000000c7700000, 0x00000000ec600000)
  object space 37888K, 42% used [0x00000000c5200000,0x00000000c618bfb0,0x00000000c7700000)
 Metaspace       used 27039K, capacity 27930K, committed 28160K, reserved 1073152K
  class space    used 3514K, capacity 3732K, committed 3840K, reserved 1048576K
}
Event: 49.289 GC heap before
{Heap before GC invocations=9 (full 1):
 PSYoungGen      total 29184K, used 29168K [0x00000000ec600000, 0x00000000eff00000, 0x0000000100000000)
  eden space 22016K, 100% used [0x00000000ec600000,0x00000000edb80000,0x00000000edb80000)
  from space 7168K, 99% used [0x00000000edb80000,0x00000000ee27c348,0x00000000ee280000)
  to   space 11264K, 0% used [0x00000000ef400000,0x00000000ef400000,0x00000000eff00000)
 ParOldGen       total 37888K, used 15919K [0x00000000c5200000, 0x00000000c7700000, 0x00000000ec600000)
  object space 37888K, 42% used [0x00000000c5200000,0x00000000c618bfb0,0x00000000c7700000)
 Metaspace       used 27213K, capacity 28126K, committed 28416K, reserved 1073152K
  class space    used 3514K, capacity 3732K, committed 3840K, reserved 1048576K
Event: 49.338 GC heap after
Heap after GC invocations=9 (full 1):
 PSYoungGen      total 46080K, used 9453K [0x00000000ec600000, 0x00000000f0200000, 0x0000000100000000)
  eden space 34816K, 0% used [0x00000000ec600000,0x00000000ec600000,0x00000000ee800000)
  from space 11264K, 83% used [0x00000000ef400000,0x00000000efd3b550,0x00000000eff00000)
  to   space 12288K, 0% used [0x00000000ee800000,0x00000000ee800000,0x00000000ef400000)
 ParOldGen       total 37888K, used 15927K [0x00000000c5200000, 0x00000000c7700000, 0x00000000ec600000)
  object space 37888K, 42% used [0x00000000c5200000,0x00000000c618dfb0,0x00000000c7700000)
 Metaspace       used 27213K, capacity 28126K, committed 28416K, reserved 1073152K
  class space    used 3514K, capacity 3732K, committed 3840K, reserved 1048576K
}
Event: 51.137 GC heap before
{Heap before GC invocations=10 (full 1):
 PSYoungGen      total 46080K, used 44269K [0x00000000ec600000, 0x00000000f0200000, 0x0000000100000000)
  eden space 34816K, 100% used [0x00000000ec600000,0x00000000ee800000,0x00000000ee800000)
  from space 11264K, 83% used [0x00000000ef400000,0x00000000efd3b550,0x00000000eff00000)
  to   space 12288K, 0% used [0x00000000ee800000,0x00000000ee800000,0x00000000ef400000)
 ParOldGen       total 37888K, used 15927K [0x00000000c5200000, 0x00000000c7700000, 0x00000000ec600000)
  object space 37888K, 42% used [0x00000000c5200000,0x00000000c618dfb0,0x00000000c7700000)
 Metaspace       used 27297K, capacity 28190K, committed 28416K, reserved 1073152K
  class space    used 3514K, capacity 3732K, committed 3840K, reserved 1048576K
Event: 51.195 GC heap after
Heap after GC invocations=10 (full 1):
 PSYoungGen      total 47104K, used 12283K [0x00000000ec600000, 0x00000000f1380000, 0x0000000100000000)
  eden space 34816K, 0% used [0x00000000ec600000,0x00000000ec600000,0x00000000ee800000)
  from space 12288K, 99% used [0x00000000ee800000,0x00000000ef3fed70,0x00000000ef400000)
  to   space 14336K, 0% used [0x00000000f0580000,0x00000000f0580000,0x00000000f1380000)
 ParOldGen       total 37888K, used 16303K [0x00000000c5200000, 0x00000000c7700000, 0x00000000ec600000)
  object space 37888K, 43% used [0x00000000c5200000,0x00000000c61ebfb0,0x00000000c7700000)
 Metaspace       used 27297K, capacity 28190K, committed 28416K, reserved 1073152K
  class space    used 3514K, capacity 3732K, committed 3840K, reserved 1048576K
}
Event: 53.048 GC heap before
{Heap before GC invocations=11 (full 1):
 PSYoungGen      total 47104K, used 47099K [0x00000000ec600000, 0x00000000f1380000, 0x0000000100000000)
  eden space 34816K, 100% used [0x00000000ec600000,0x00000000ee800000,0x00000000ee800000)
  from space 12288K, 99% used [0x00000000ee800000,0x00000000ef3fed70,0x00000000ef400000)
  to   space 14336K, 0% used [0x00000000f0580000,0x00000000f0580000,0x00000000f1380000)
 ParOldGen       total 37888K, used 16303K [0x00000000c5200000, 0x00000000c7700000, 0x00000000ec600000)
  object space 37888K, 43% used [0x00000000c5200000,0x00000000c61ebfb0,0x00000000c7700000)
 Metaspace       used 27366K, capacity 28318K, committed 28672K, reserved 1075200K
  class space    used 3514K, capacity 3732K, committed 3840K, reserved 1048576K
Event: 53.105 GC heap after
Heap after GC invocations=11 (full 1):
 PSYoungGen      total 65024K, used 9169K [0x00000000ec600000, 0x00000000f1400000, 0x0000000100000000)
  eden space 50688K, 0% used [0x00000000ec600000,0x00000000ec600000,0x00000000ef780000)
  from space 14336K, 63% used [0x00000000f0580000,0x00000000f0e74770,0x00000000f1380000)
  to   space 14336K, 0% used [0x00000000ef780000,0x00000000ef780000,0x00000000f0580000)
 ParOldGen       total 37888K, used 19843K [0x00000000c5200000, 0x00000000c7700000, 0x00000000ec600000)
  object space 37888K, 52% used [0x00000000c5200000,0x00000000c6560e68,0x00000000c7700000)
 Metaspace       used 27366K, capacity 28318K, committed 28672K, reserved 1075200K
  class space    used 3514K, capacity 3732K, committed 3840K, reserved 1048576K
}
Event: 56.285 GC heap before
{Heap before GC invocations=12 (full 1):
 PSYoungGen      total 65024K, used 59857K [0x00000000ec600000, 0x00000000f1400000, 0x0000000100000000)
  eden space 50688K, 100% used [0x00000000ec600000,0x00000000ef780000,0x00000000ef780000)
  from space 14336K, 63% used [0x00000000f0580000,0x00000000f0e74770,0x00000000f1380000)
  to   space 14336K, 0% used [0x00000000ef780000,0x00000000ef780000,0x00000000f0580000)
 ParOldGen       total 37888K, used 19843K [0x00000000c5200000, 0x00000000c7700000, 0x00000000ec600000)
  object space 37888K, 52% used [0x00000000c5200000,0x00000000c6560e68,0x00000000c7700000)
 Metaspace       used 27937K, capacity 28872K, committed 29184K, reserved 1075200K
  class space    used 3525K, capacity 3735K, committed 3840K, reserved 1048576K
Event: 56.340 GC heap after
Heap after GC invocations=12 (full 1):
 PSYoungGen      total 65024K, used 12674K [0x00000000ec600000, 0x00000000f1400000, 0x0000000100000000)
  eden space 50688K, 0% used [0x00000000ec600000,0x00000000ec600000,0x00000000ef780000)
  from space 14336K, 88% used [0x00000000ef780000,0x00000000f03e0900,0x00000000f0580000)
  to   space 14336K, 0% used [0x00000000f0580000,0x00000000f0580000,0x00000000f1380000)
 ParOldGen       total 37888K, used 20091K [0x00000000c5200000, 0x00000000c7700000, 0x00000000ec600000)
  object space 37888K, 53% used [0x00000000c5200000,0x00000000c659ee88,0x00000000c7700000)
 Metaspace       used 27937K, capacity 28872K, committed 29184K, reserved 1075200K
  class space    used 3525K, capacity 3735K, committed 3840K, reserved 1048576K
}

