# JRE version: Java(TM) SE Runtime Environment (8.0_321-b07) (build 1.8.0_321-b07)
# Java VM: Java HotSpot(TM) 64-Bit Server VM (25.321-b07 mixed mode windows-amd64 compressed oops)
Heap:
 PSYoungGen      total 68608K, used 39366K [0x00000000ec600000, 0x00000000f1800000, 0x0000000100000000)
  eden space 56832K, 51% used [0x00000000ec600000,0x00000000ee2ad398,0x00000000efd80000)
  from space 11776K, 84% used [0x00000000f0a00000,0x00000000f13c4810,0x00000000f1580000)
  to   space 12800K, 0% used [0x00000000efd80000,0x00000000efd80000,0x00000000f0a00000)
 ParOldGen       total 33280K, used 22031K [0x00000000c5200000, 0x00000000c7280000, 0x00000000ec600000)
  object space 33280K, 66% used [0x00000000c5200000,0x00000000c6783f18,0x00000000c7280000)
 Metaspace       used 29235K, capacity 30206K, committed 30464K, reserved 1075200K
  class space    used 3745K, capacity 3978K, committed 4096K, reserved 1048576K
GC Heap History (10 events):
Event: 20.466 GC heap before
{Heap before GC invocations=7 (full 1):
 PSYoungGen      total 17920K, used 17892K [0x00000000ec600000, 0x00000000eea80000, 0x0000000100000000)
  eden space 15360K, 100% used [0x00000000ec600000,0x00000000ed500000,0x00000000ed500000)
  from space 2560K, 98% used [0x00000000ed500000,0x00000000ed779168,0x00000000ed780000)
  to   space 6656K, 0% used [0x00000000ee400000,0x00000000ee400000,0x00000000eea80000)
 ParOldGen       total 33280K, used 8204K [0x00000000c5200000, 0x00000000c7280000, 0x00000000ec600000)
  object space 33280K, 24% used [0x00000000c5200000,0x00000000c5a030e8,0x00000000c7280000)
 Metaspace       used 26264K, capacity 27176K, committed 27264K, reserved 1073152K
  class space    used 3497K, capacity 3711K, committed 3712K, reserved 1048576K
Event: 20.479 GC heap after
Heap after GC invocations=7 (full 1):
 PSYoungGen      total 30720K, used 4909K [0x00000000ec600000, 0x00000000eeb00000, 0x0000000100000000)
  eden space 24064K, 0% used [0x00000000ec600000,0x00000000ec600000,0x00000000edd80000)
  from space 6656K, 73% used [0x00000000ee400000,0x00000000ee8cb560,0x00000000eea80000)
  to   space 6656K, 0% used [0x00000000edd80000,0x00000000edd80000,0x00000000ee400000)
 ParOldGen       total 33280K, used 13837K [0x00000000c5200000, 0x00000000c7280000, 0x00000000ec600000)
  object space 33280K, 41% used [0x00000000c5200000,0x00000000c5f834f8,0x00000000c7280000)
 Metaspace       used 26264K, capacity 27176K, committed 27264K, reserved 1073152K
  class space    used 3497K, capacity 3711K, committed 3712K, reserved 1048576K
}
Event: 21.275 GC heap before
{Heap before GC invocations=8 (full 1):
 PSYoungGen      total 30720K, used 28973K [0x00000000ec600000, 0x00000000eeb00000, 0x0000000100000000)
  eden space 24064K, 100% used [0x00000000ec600000,0x00000000edd80000,0x00000000edd80000)
  from space 6656K, 73% used [0x00000000ee400000,0x00000000ee8cb560,0x00000000eea80000)
  to   space 6656K, 0% used [0x00000000edd80000,0x00000000edd80000,0x00000000ee400000)
 ParOldGen       total 33280K, used 13837K [0x00000000c5200000, 0x00000000c7280000, 0x00000000ec600000)
  object space 33280K, 41% used [0x00000000c5200000,0x00000000c5f834f8,0x00000000c7280000)
 Metaspace       used 26476K, capacity 27390K, committed 27648K, reserved 1073152K
  class space    used 3499K, capacity 3714K, committed 3840K, reserved 1048576K
Event: 21.298 GC heap after
Heap after GC invocations=8 (full 1):
 PSYoungGen      total 30720K, used 6630K [0x00000000ec600000, 0x00000000f0000000, 0x0000000100000000)
  eden space 24064K, 0% used [0x00000000ec600000,0x00000000ec600000,0x00000000edd80000)
  from space 6656K, 99% used [0x00000000edd80000,0x00000000ee3f98f8,0x00000000ee400000)
  to   space 9216K, 0% used [0x00000000ef700000,0x00000000ef700000,0x00000000f0000000)
 ParOldGen       total 33280K, used 17165K [0x00000000c5200000, 0x00000000c7280000, 0x00000000ec600000)
  object space 33280K, 51% used [0x00000000c5200000,0x00000000c62c34f8,0x00000000c7280000)
 Metaspace       used 26476K, capacity 27390K, committed 27648K, reserved 1073152K
  class space    used 3499K, capacity 3714K, committed 3840K, reserved 1048576K
}
Event: 22.637 GC heap before
{Heap before GC invocations=9 (full 1):
 PSYoungGen      total 30720K, used 30694K [0x00000000ec600000, 0x00000000f0000000, 0x0000000100000000)
  eden space 24064K, 100% used [0x00000000ec600000,0x00000000edd80000,0x00000000edd80000)
  from space 6656K, 99% used [0x00000000edd80000,0x00000000ee3f98f8,0x00000000ee400000)
  to   space 9216K, 0% used [0x00000000ef700000,0x00000000ef700000,0x00000000f0000000)
 ParOldGen       total 33280K, used 17165K [0x00000000c5200000, 0x00000000c7280000, 0x00000000ec600000)
  object space 33280K, 51% used [0x00000000c5200000,0x00000000c62c34f8,0x00000000c7280000)
 Metaspace       used 26570K, capacity 27390K, committed 27648K, reserved 1073152K
  class space    used 3499K, capacity 3714K, committed 3840K, reserved 1048576K
Event: 22.660 GC heap after
Heap after GC invocations=9 (full 1):
 PSYoungGen      total 48640K, used 9206K [0x00000000ec600000, 0x00000000f0380000, 0x0000000100000000)
  eden space 39424K, 0% used [0x00000000ec600000,0x00000000ec600000,0x00000000eec80000)
  from space 9216K, 99% used [0x00000000ef700000,0x00000000efffd928,0x00000000f0000000)
  to   space 10752K, 0% used [0x00000000eec80000,0x00000000eec80000,0x00000000ef700000)
 ParOldGen       total 33280K, used 18101K [0x00000000c5200000, 0x00000000c7280000, 0x00000000ec600000)
  object space 33280K, 54% used [0x00000000c5200000,0x00000000c63ad4f8,0x00000000c7280000)
 Metaspace       used 26570K, capacity 27390K, committed 27648K, reserved 1073152K
  class space    used 3499K, capacity 3714K, committed 3840K, reserved 1048576K
}
Event: 23.914 GC heap before
{Heap before GC invocations=10 (full 1):
 PSYoungGen      total 48640K, used 48630K [0x00000000ec600000, 0x00000000f0380000, 0x0000000100000000)
  eden space 39424K, 100% used [0x00000000ec600000,0x00000000eec80000,0x00000000eec80000)
  from space 9216K, 99% used [0x00000000ef700000,0x00000000efffd928,0x00000000f0000000)
  to   space 10752K, 0% used [0x00000000eec80000,0x00000000eec80000,0x00000000ef700000)
 ParOldGen       total 33280K, used 18101K [0x00000000c5200000, 0x00000000c7280000, 0x00000000ec600000)
  object space 33280K, 54% used [0x00000000c5200000,0x00000000c63ad4f8,0x00000000c7280000)
 Metaspace       used 26662K, capacity 27518K, committed 27648K, reserved 1073152K
  class space    used 3499K, capacity 3714K, committed 3840K, reserved 1048576K
Event: 23.950 GC heap after
Heap after GC invocations=10 (full 1):
 PSYoungGen      total 50176K, used 10034K [0x00000000ec600000, 0x00000000f1580000, 0x0000000100000000)
  eden space 39424K, 0% used [0x00000000ec600000,0x00000000ec600000,0x00000000eec80000)
  from space 10752K, 93% used [0x00000000eec80000,0x00000000ef64c810,0x00000000ef700000)
  to   space 11776K, 0% used [0x00000000f0a00000,0x00000000f0a00000,0x00000000f1580000)
 ParOldGen       total 33280K, used 21975K [0x00000000c5200000, 0x00000000c7280000, 0x00000000ec600000)
  object space 33280K, 66% used [0x00000000c5200000,0x00000000c6775f18,0x00000000c7280000)
 Metaspace       used 26662K, capacity 27518K, committed 27648K, reserved 1073152K
  class space    used 3499K, capacity 3714K, committed 3840K, reserved 1048576K
}
Event: 25.080 GC heap before
{Heap before GC invocations=11 (full 1):
 PSYoungGen      total 50176K, used 49458K [0x00000000ec600000, 0x00000000f1580000, 0x0000000100000000)
  eden space 39424K, 100% used [0x00000000ec600000,0x00000000eec80000,0x00000000eec80000)
  from space 10752K, 93% used [0x00000000eec80000,0x00000000ef64c810,0x00000000ef700000)
  to   space 11776K, 0% used [0x00000000f0a00000,0x00000000f0a00000,0x00000000f1580000)
 ParOldGen       total 33280K, used 21975K [0x00000000c5200000, 0x00000000c7280000, 0x00000000ec600000)
  object space 33280K, 66% used [0x00000000c5200000,0x00000000c6775f18,0x00000000c7280000)
 Metaspace       used 26783K, capacity 27646K, committed 27904K, reserved 1073152K
  class space    used 3499K, capacity 3714K, committed 3840K, reserved 1048576K
Event: 25.110 GC heap after
Heap after GC invocations=11 (full 1):
 PSYoungGen      total 68608K, used 10002K [0x00000000ec600000, 0x00000000f1800000, 0x0000000100000000)
  eden space 56832K, 0% used [0x00000000ec600000,0x00000000ec600000,0x00000000efd80000)
  from space 11776K, 84% used [0x00000000f0a00000,0x00000000f13c4810,0x00000000f1580000)
  to   space 12800K, 0% used [0x00000000efd80000,0x00000000efd80000,0x00000000f0a00000)
 ParOldGen       total 33280K, used 22031K [0x00000000c5200000, 0x00000000c7280000, 0x00000000ec600000)
  object space 33280K, 66% used [0x00000000c5200000,0x00000000c6783f18,0x00000000c7280000)
 Metaspace       used 26783K, capacity 27646K, committed 27904K, reserved 1073152K
  class space    used 3499K, capacity 3714K, committed 3840K, reserved 1048576K
}

