# JRE version: Java(TM) SE Runtime Environment (8.0_321-b07) (build 1.8.0_321-b07)
# Java VM: Java HotSpot(TM) 64-Bit Server VM (25.321-b07 mixed mode windows-amd64 compressed oops)
Heap:
 PSYoungGen      total 93696K, used 8968K [0x00000000ec600000, 0x00000000f3e80000, 0x0000000100000000)
  eden space 72704K, 12% used [0x00000000ec600000,0x00000000ecec2208,0x00000000f0d00000)
  from space 20992K, 0% used [0x00000000f2500000,0x00000000f2500000,0x00000000f3980000)
  to   space 24576K, 0% used [0x00000000f0d00000,0x00000000f0d00000,0x00000000f2500000)
 ParOldGen       total 36864K, used 27290K [0x00000000c5200000, 0x00000000c7600000, 0x00000000ec600000)
  object space 36864K, 74% used [0x00000000c5200000,0x00000000c6ca68f0,0x00000000c7600000)
 Metaspace       used 37858K, capacity 39798K, committed 40064K, reserved 1083392K
  class space    used 5004K, capacity 5456K, committed 5504K, reserved 1048576K
GC Heap History (10 events):
Event: 24.097 GC heap before
{Heap before GC invocations=8 (full 1):
 PSYoungGen      total 51712K, used 50881K [0x00000000ec600000, 0x00000000f0900000, 0x0000000100000000)
  eden space 40960K, 100% used [0x00000000ec600000,0x00000000eee00000,0x00000000eee00000)
  from space 10752K, 92% used [0x00000000efa00000,0x00000000f03b0670,0x00000000f0480000)
  to   space 12288K, 0% used [0x00000000eee00000,0x00000000eee00000,0x00000000efa00000)
 ParOldGen       total 36864K, used 16302K [0x00000000c5200000, 0x00000000c7600000, 0x00000000ec600000)
  object space 36864K, 44% used [0x00000000c5200000,0x00000000c61ebb10,0x00000000c7600000)
 Metaspace       used 26468K, capacity 27266K, committed 27520K, reserved 1073152K
  class space    used 3433K, capacity 3640K, committed 3712K, reserved 1048576K
Event: 24.151 GC heap after
Heap after GC invocations=8 (full 1):
 PSYoungGen      total 53248K, used 12274K [0x00000000ec600000, 0x00000000f1e00000, 0x0000000100000000)
  eden space 40960K, 0% used [0x00000000ec600000,0x00000000ec600000,0x00000000eee00000)
  from space 12288K, 99% used [0x00000000eee00000,0x00000000ef9fc8e0,0x00000000efa00000)
  to   space 14848K, 0% used [0x00000000f0f80000,0x00000000f0f80000,0x00000000f1e00000)
 ParOldGen       total 36864K, used 16918K [0x00000000c5200000, 0x00000000c7600000, 0x00000000ec600000)
  object space 36864K, 45% used [0x00000000c5200000,0x00000000c6285b10,0x00000000c7600000)
 Metaspace       used 26468K, capacity 27266K, committed 27520K, reserved 1073152K
  class space    used 3433K, capacity 3640K, committed 3712K, reserved 1048576K
}
Event: 27.244 GC heap before
{Heap before GC invocations=9 (full 1):
 PSYoungGen      total 53248K, used 53234K [0x00000000ec600000, 0x00000000f1e00000, 0x0000000100000000)
  eden space 40960K, 100% used [0x00000000ec600000,0x00000000eee00000,0x00000000eee00000)
  from space 12288K, 99% used [0x00000000eee00000,0x00000000ef9fc8e0,0x00000000efa00000)
  to   space 14848K, 0% used [0x00000000f0f80000,0x00000000f0f80000,0x00000000f1e00000)
 ParOldGen       total 36864K, used 16918K [0x00000000c5200000, 0x00000000c7600000, 0x00000000ec600000)
  object space 36864K, 45% used [0x00000000c5200000,0x00000000c6285b10,0x00000000c7600000)
 Metaspace       used 27685K, capacity 28598K, committed 28672K, reserved 1075200K
  class space    used 3552K, capacity 3786K, committed 3840K, reserved 1048576K
Event: 27.301 GC heap after
Heap after GC invocations=9 (full 1):
 PSYoungGen      total 73216K, used 14777K [0x00000000ec600000, 0x00000000f2200000, 0x0000000100000000)
  eden space 58368K, 0% used [0x00000000ec600000,0x00000000ec600000,0x00000000eff00000)
  from space 14848K, 99% used [0x00000000f0f80000,0x00000000f1dee440,0x00000000f1e00000)
  to   space 16896K, 0% used [0x00000000eff00000,0x00000000eff00000,0x00000000f0f80000)
 ParOldGen       total 36864K, used 16926K [0x00000000c5200000, 0x00000000c7600000, 0x00000000ec600000)
  object space 36864K, 45% used [0x00000000c5200000,0x00000000c6287b10,0x00000000c7600000)
 Metaspace       used 27685K, capacity 28598K, committed 28672K, reserved 1075200K
  class space    used 3552K, capacity 3786K, committed 3840K, reserved 1048576K
}
Event: 31.152 GC heap before
{Heap before GC invocations=10 (full 1):
 PSYoungGen      total 73216K, used 73145K [0x00000000ec600000, 0x00000000f2200000, 0x0000000100000000)
  eden space 58368K, 100% used [0x00000000ec600000,0x00000000eff00000,0x00000000eff00000)
  from space 14848K, 99% used [0x00000000f0f80000,0x00000000f1dee440,0x00000000f1e00000)
  to   space 16896K, 0% used [0x00000000eff00000,0x00000000eff00000,0x00000000f0f80000)
 ParOldGen       total 36864K, used 16926K [0x00000000c5200000, 0x00000000c7600000, 0x00000000ec600000)
  object space 36864K, 45% used [0x00000000c5200000,0x00000000c6287b50,0x00000000c7600000)
 Metaspace       used 28080K, capacity 29052K, committed 29184K, reserved 1075200K
  class space    used 3558K, capacity 3787K, committed 3840K, reserved 1048576K
Event: 31.241 GC heap after
Heap after GC invocations=10 (full 1):
 PSYoungGen      total 75264K, used 16874K [0x00000000ec600000, 0x00000000f3980000, 0x0000000100000000)
  eden space 58368K, 0% used [0x00000000ec600000,0x00000000ec600000,0x00000000eff00000)
  from space 16896K, 99% used [0x00000000eff00000,0x00000000f0f7a930,0x00000000f0f80000)
  to   space 20992K, 0% used [0x00000000f2500000,0x00000000f2500000,0x00000000f3980000)
 ParOldGen       total 36864K, used 20806K [0x00000000c5200000, 0x00000000c7600000, 0x00000000ec600000)
  object space 36864K, 56% used [0x00000000c5200000,0x00000000c6651b50,0x00000000c7600000)
 Metaspace       used 28080K, capacity 29052K, committed 29184K, reserved 1075200K
  class space    used 3558K, capacity 3787K, committed 3840K, reserved 1048576K
}
Event: 44.574 GC heap before
{Heap before GC invocations=11 (full 1):
 PSYoungGen      total 75264K, used 64667K [0x00000000ec600000, 0x00000000f3980000, 0x0000000100000000)
  eden space 58368K, 81% used [0x00000000ec600000,0x00000000ef4ac328,0x00000000eff00000)
  from space 16896K, 99% used [0x00000000eff00000,0x00000000f0f7a930,0x00000000f0f80000)
  to   space 20992K, 0% used [0x00000000f2500000,0x00000000f2500000,0x00000000f3980000)
 ParOldGen       total 36864K, used 20806K [0x00000000c5200000, 0x00000000c7600000, 0x00000000ec600000)
  object space 36864K, 56% used [0x00000000c5200000,0x00000000c6651b50,0x00000000c7600000)
 Metaspace       used 33521K, capacity 35340K, committed 35416K, reserved 1079296K
  class space    used 4414K, capacity 4843K, committed 4864K, reserved 1048576K
Event: 44.621 GC heap after
Heap after GC invocations=11 (full 1):
 PSYoungGen      total 93696K, used 20981K [0x00000000ec600000, 0x00000000f3e80000, 0x0000000100000000)
  eden space 72704K, 0% used [0x00000000ec600000,0x00000000ec600000,0x00000000f0d00000)
  from space 20992K, 99% used [0x00000000f2500000,0x00000000f397d4b8,0x00000000f3980000)
  to   space 24576K, 0% used [0x00000000f0d00000,0x00000000f0d00000,0x00000000f2500000)
 ParOldGen       total 36864K, used 21774K [0x00000000c5200000, 0x00000000c7600000, 0x00000000ec600000)
  object space 36864K, 59% used [0x00000000c5200000,0x00000000c6743b50,0x00000000c7600000)
 Metaspace       used 33521K, capacity 35340K, committed 35416K, reserved 1079296K
  class space    used 4414K, capacity 4843K, committed 4864K, reserved 1048576K
}
Event: 44.621 GC heap before
{Heap before GC invocations=12 (full 2):
 PSYoungGen      total 93696K, used 20981K [0x00000000ec600000, 0x00000000f3e80000, 0x0000000100000000)
  eden space 72704K, 0% used [0x00000000ec600000,0x00000000ec600000,0x00000000f0d00000)
  from space 20992K, 99% used [0x00000000f2500000,0x00000000f397d4b8,0x00000000f3980000)
  to   space 24576K, 0% used [0x00000000f0d00000,0x00000000f0d00000,0x00000000f2500000)
 ParOldGen       total 36864K, used 21774K [0x00000000c5200000, 0x00000000c7600000, 0x00000000ec600000)
  object space 36864K, 59% used [0x00000000c5200000,0x00000000c6743b50,0x00000000c7600000)
 Metaspace       used 33521K, capacity 35340K, committed 35416K, reserved 1079296K
  class space    used 4414K, capacity 4843K, committed 4864K, reserved 1048576K
Event: 44.920 GC heap after
Heap after GC invocations=12 (full 2):
 PSYoungGen      total 93696K, used 0K [0x00000000ec600000, 0x00000000f3e80000, 0x0000000100000000)
  eden space 72704K, 0% used [0x00000000ec600000,0x00000000ec600000,0x00000000f0d00000)
  from space 20992K, 0% used [0x00000000f2500000,0x00000000f2500000,0x00000000f3980000)
  to   space 24576K, 0% used [0x00000000f0d00000,0x00000000f0d00000,0x00000000f2500000)
 ParOldGen       total 36864K, used 27290K [0x00000000c5200000, 0x00000000c7600000, 0x00000000ec600000)
  object space 36864K, 74% used [0x00000000c5200000,0x00000000c6ca68f0,0x00000000c7600000)
 Metaspace       used 33517K, capacity 35334K, committed 35416K, reserved 1079296K
  class space    used 4413K, capacity 4842K, committed 4864K, reserved 1048576K
}

