# JRE version: Java(TM) SE Runtime Environment (8.0_321-b07) (build 1.8.0_321-b07)
# Java VM: Java HotSpot(TM) 64-Bit Server VM (25.321-b07 mixed mode windows-amd64 compressed oops)
Heap:
 PSYoungGen      total 194560K, used 90601K [0x00000000ec600000, 0x00000000ff500000, 0x0000000100000000)
  eden space 120320K, 23% used [0x00000000ec600000,0x00000000ee1e3418,0x00000000f3b80000)
  from space 74240K, 83% used [0x00000000f3b80000,0x00000000f78171b0,0x00000000f8400000)
  to   space 81408K, 0% used [0x00000000fa580000,0x00000000fa580000,0x00000000ff500000)
 ParOldGen       total 69120K, used 57551K [0x00000000c5200000, 0x00000000c9580000, 0x00000000ec600000)
  object space 69120K, 83% used [0x00000000c5200000,0x00000000c8a33cc0,0x00000000c9580000)
 Metaspace       used 50532K, capacity 53008K, committed 53336K, reserved 1095680K
  class space    used 6415K, capacity 6937K, committed 7040K, reserved 1048576K
GC Heap History (10 events):
Event: 139.364 GC heap before
{Heap before GC invocations=21 (full 2):
 PSYoungGen      total 142848K, used 136038K [0x00000000ec600000, 0x00000000f8280000, 0x0000000100000000)
  eden space 101376K, 100% used [0x00000000ec600000,0x00000000f2900000,0x00000000f2900000)
  from space 41472K, 83% used [0x00000000f5500000,0x00000000f76d9880,0x00000000f7d80000)
  to   space 45056K, 0% used [0x00000000f2900000,0x00000000f2900000,0x00000000f5500000)
 ParOldGen       total 69120K, used 48098K [0x00000000c5200000, 0x00000000c9580000, 0x00000000ec600000)
  object space 69120K, 69% used [0x00000000c5200000,0x00000000c80f8bf8,0x00000000c9580000)
 Metaspace       used 49045K, capacity 51358K, committed 51544K, reserved 1093632K
  class space    used 6213K, capacity 6724K, committed 6784K, reserved 1048576K
Event: 139.457 GC heap after
Heap after GC invocations=21 (full 2):
 PSYoungGen      total 146432K, used 45028K [0x00000000ec600000, 0x00000000f9e80000, 0x0000000100000000)
  eden space 101376K, 0% used [0x00000000ec600000,0x00000000ec600000,0x00000000f2900000)
  from space 45056K, 99% used [0x00000000f2900000,0x00000000f54f9310,0x00000000f5500000)
  to   space 53248K, 0% used [0x00000000f6a80000,0x00000000f6a80000,0x00000000f9e80000)
 ParOldGen       total 69120K, used 51442K [0x00000000c5200000, 0x00000000c9580000, 0x00000000ec600000)
  object space 69120K, 74% used [0x00000000c5200000,0x00000000c843cbf8,0x00000000c9580000)
 Metaspace       used 49045K, capacity 51358K, committed 51544K, reserved 1093632K
  class space    used 6213K, capacity 6724K, committed 6784K, reserved 1048576K
}
Event: 151.034 GC heap before
{Heap before GC invocations=22 (full 2):
 PSYoungGen      total 146432K, used 146404K [0x00000000ec600000, 0x00000000f9e80000, 0x0000000100000000)
  eden space 101376K, 100% used [0x00000000ec600000,0x00000000f2900000,0x00000000f2900000)
  from space 45056K, 99% used [0x00000000f2900000,0x00000000f54f9310,0x00000000f5500000)
  to   space 53248K, 0% used [0x00000000f6a80000,0x00000000f6a80000,0x00000000f9e80000)
 ParOldGen       total 69120K, used 51442K [0x00000000c5200000, 0x00000000c9580000, 0x00000000ec600000)
  object space 69120K, 74% used [0x00000000c5200000,0x00000000c843cbf8,0x00000000c9580000)
 Metaspace       used 50474K, capacity 52926K, committed 53080K, reserved 1095680K
  class space    used 6412K, capacity 6934K, committed 7040K, reserved 1048576K
Event: 151.188 GC heap after
Heap after GC invocations=22 (full 2):
 PSYoungGen      total 157696K, used 53224K [0x00000000ec600000, 0x00000000fb380000, 0x0000000100000000)
  eden space 104448K, 0% used [0x00000000ec600000,0x00000000ec600000,0x00000000f2c00000)
  from space 53248K, 99% used [0x00000000f6a80000,0x00000000f9e7a1d8,0x00000000f9e80000)
  to   space 64000K, 0% used [0x00000000f2c00000,0x00000000f2c00000,0x00000000f6a80000)
 ParOldGen       total 69120K, used 56695K [0x00000000c5200000, 0x00000000c9580000, 0x00000000ec600000)
  object space 69120K, 82% used [0x00000000c5200000,0x00000000c895dcc0,0x00000000c9580000)
 Metaspace       used 50474K, capacity 52926K, committed 53080K, reserved 1095680K
  class space    used 6412K, capacity 6934K, committed 7040K, reserved 1048576K
}
Event: 152.919 GC heap before
{Heap before GC invocations=23 (full 2):
 PSYoungGen      total 157696K, used 157672K [0x00000000ec600000, 0x00000000fb380000, 0x0000000100000000)
  eden space 104448K, 100% used [0x00000000ec600000,0x00000000f2c00000,0x00000000f2c00000)
  from space 53248K, 99% used [0x00000000f6a80000,0x00000000f9e7a1d8,0x00000000f9e80000)
  to   space 64000K, 0% used [0x00000000f2c00000,0x00000000f2c00000,0x00000000f6a80000)
 ParOldGen       total 69120K, used 56695K [0x00000000c5200000, 0x00000000c9580000, 0x00000000ec600000)
  object space 69120K, 82% used [0x00000000c5200000,0x00000000c895dcc0,0x00000000c9580000)
 Metaspace       used 50474K, capacity 52926K, committed 53080K, reserved 1095680K
  class space    used 6412K, capacity 6934K, committed 7040K, reserved 1048576K
Event: 153.019 GC heap after
Heap after GC invocations=23 (full 2):
 PSYoungGen      total 168448K, used 51770K [0x00000000ec600000, 0x00000000fc800000, 0x0000000100000000)
  eden space 104448K, 0% used [0x00000000ec600000,0x00000000ec600000,0x00000000f2c00000)
  from space 64000K, 80% used [0x00000000f2c00000,0x00000000f5e8e890,0x00000000f6a80000)
  to   space 69632K, 0% used [0x00000000f8400000,0x00000000f8400000,0x00000000fc800000)
 ParOldGen       total 69120K, used 56999K [0x00000000c5200000, 0x00000000c9580000, 0x00000000ec600000)
  object space 69120K, 82% used [0x00000000c5200000,0x00000000c89a9cc0,0x00000000c9580000)
 Metaspace       used 50474K, capacity 52926K, committed 53080K, reserved 1095680K
  class space    used 6412K, capacity 6934K, committed 7040K, reserved 1048576K
}
Event: 154.645 GC heap before
{Heap before GC invocations=24 (full 2):
 PSYoungGen      total 168448K, used 156218K [0x00000000ec600000, 0x00000000fc800000, 0x0000000100000000)
  eden space 104448K, 100% used [0x00000000ec600000,0x00000000f2c00000,0x00000000f2c00000)
  from space 64000K, 80% used [0x00000000f2c00000,0x00000000f5e8e890,0x00000000f6a80000)
  to   space 69632K, 0% used [0x00000000f8400000,0x00000000f8400000,0x00000000fc800000)
 ParOldGen       total 69120K, used 56999K [0x00000000c5200000, 0x00000000c9580000, 0x00000000ec600000)
  object space 69120K, 82% used [0x00000000c5200000,0x00000000c89a9cc0,0x00000000c9580000)
 Metaspace       used 50483K, capacity 52926K, committed 53080K, reserved 1095680K
  class space    used 6413K, capacity 6934K, committed 7040K, reserved 1048576K
Event: 154.750 GC heap after
Heap after GC invocations=24 (full 2):
 PSYoungGen      total 189952K, used 51546K [0x00000000ec600000, 0x00000000fd480000, 0x0000000100000000)
  eden space 120320K, 0% used [0x00000000ec600000,0x00000000ec600000,0x00000000f3b80000)
  from space 69632K, 74% used [0x00000000f8400000,0x00000000fb656890,0x00000000fc800000)
  to   space 74240K, 0% used [0x00000000f3b80000,0x00000000f3b80000,0x00000000f8400000)
 ParOldGen       total 69120K, used 57183K [0x00000000c5200000, 0x00000000c9580000, 0x00000000ec600000)
  object space 69120K, 82% used [0x00000000c5200000,0x00000000c89d7cc0,0x00000000c9580000)
 Metaspace       used 50483K, capacity 52926K, committed 53080K, reserved 1095680K
  class space    used 6413K, capacity 6934K, committed 7040K, reserved 1048576K
}
Event: 159.875 GC heap before
{Heap before GC invocations=25 (full 2):
 PSYoungGen      total 189952K, used 171866K [0x00000000ec600000, 0x00000000fd480000, 0x0000000100000000)
  eden space 120320K, 100% used [0x00000000ec600000,0x00000000f3b80000,0x00000000f3b80000)
  from space 69632K, 74% used [0x00000000f8400000,0x00000000fb656890,0x00000000fc800000)
  to   space 74240K, 0% used [0x00000000f3b80000,0x00000000f3b80000,0x00000000f8400000)
 ParOldGen       total 69120K, used 57183K [0x00000000c5200000, 0x00000000c9580000, 0x00000000ec600000)
  object space 69120K, 82% used [0x00000000c5200000,0x00000000c89d7cc0,0x00000000c9580000)
 Metaspace       used 50519K, capacity 52996K, committed 53336K, reserved 1095680K
  class space    used 6414K, capacity 6935K, committed 7040K, reserved 1048576K
Event: 160.027 GC heap after
Heap after GC invocations=25 (full 2):
 PSYoungGen      total 194560K, used 62044K [0x00000000ec600000, 0x00000000ff500000, 0x0000000100000000)
  eden space 120320K, 0% used [0x00000000ec600000,0x00000000ec600000,0x00000000f3b80000)
  from space 74240K, 83% used [0x00000000f3b80000,0x00000000f78171b0,0x00000000f8400000)
  to   space 81408K, 0% used [0x00000000fa580000,0x00000000fa580000,0x00000000ff500000)
 ParOldGen       total 69120K, used 57551K [0x00000000c5200000, 0x00000000c9580000, 0x00000000ec600000)
  object space 69120K, 83% used [0x00000000c5200000,0x00000000c8a33cc0,0x00000000c9580000)
 Metaspace       used 50519K, capacity 52996K, committed 53336K, reserved 1095680K
  class space    used 6414K, capacity 6935K, committed 7040K, reserved 1048576K
}

