# JRE version: Java(TM) SE Runtime Environment (8.0_321-b07) (build 1.8.0_321-b07)
# Java VM: Java HotSpot(TM) 64-Bit Server VM (25.321-b07 mixed mode windows-amd64 compressed oops)
Heap:
 PSYoungGen      total 51712K, used 10656K [0x00000000ec600000, 0x00000000f0680000, 0x0000000100000000)
  eden space 42496K, 3% used [0x00000000ec600000,0x00000000ec7935e0,0x00000000eef80000)
  from space 9216K, 98% used [0x00000000ef080000,0x00000000ef954a48,0x00000000ef980000)
  to   space 11776K, 0% used [0x00000000efb00000,0x00000000efb00000,0x00000000f0680000)
 ParOldGen       total 61952K, used 23355K [0x00000000c5200000, 0x00000000c8e80000, 0x00000000ec600000)
  object space 61952K, 37% used [0x00000000c5200000,0x00000000c68cee68,0x00000000c8e80000)
 Metaspace       used 45350K, capacity 47766K, committed 48000K, reserved 1091584K
  class space    used 5797K, capacity 6221K, committed 6272K, reserved 1048576K
GC Heap History (10 events):
Event: 37.195 GC heap before
{Heap before GC invocations=9 (full 1):
 PSYoungGen      total 29696K, used 29669K [0x00000000ec600000, 0x00000000efa80000, 0x0000000100000000)
  eden space 23552K, 100% used [0x00000000ec600000,0x00000000edd00000,0x00000000edd00000)
  from space 6144K, 99% used [0x00000000edd00000,0x00000000ee2f94b0,0x00000000ee300000)
  to   space 8704K, 0% used [0x00000000ef200000,0x00000000ef200000,0x00000000efa80000)
 ParOldGen       total 33280K, used 11935K [0x00000000c5200000, 0x00000000c7280000, 0x00000000ec600000)
  object space 33280K, 35% used [0x00000000c5200000,0x00000000c5da7c20,0x00000000c7280000)
 Metaspace       used 31825K, capacity 33688K, committed 33792K, reserved 1079296K
  class space    used 4219K, capacity 4573K, committed 4608K, reserved 1048576K
Event: 37.211 GC heap after
Heap after GC invocations=9 (full 1):
 PSYoungGen      total 43008K, used 8696K [0x00000000ec600000, 0x00000000efd00000, 0x0000000100000000)
  eden space 34304K, 0% used [0x00000000ec600000,0x00000000ec600000,0x00000000ee780000)
  from space 8704K, 99% used [0x00000000ef200000,0x00000000efa7e390,0x00000000efa80000)
  to   space 10752K, 0% used [0x00000000ee780000,0x00000000ee780000,0x00000000ef200000)
 ParOldGen       total 33280K, used 14602K [0x00000000c5200000, 0x00000000c7280000, 0x00000000ec600000)
  object space 33280K, 43% used [0x00000000c5200000,0x00000000c6042990,0x00000000c7280000)
 Metaspace       used 31825K, capacity 33688K, committed 33792K, reserved 1079296K
  class space    used 4219K, capacity 4573K, committed 4608K, reserved 1048576K
}
Event: 43.506 GC heap before
{Heap before GC invocations=10 (full 1):
 PSYoungGen      total 43008K, used 22803K [0x00000000ec600000, 0x00000000efd00000, 0x0000000100000000)
  eden space 34304K, 41% used [0x00000000ec600000,0x00000000ed3c6bb0,0x00000000ee780000)
  from space 8704K, 99% used [0x00000000ef200000,0x00000000efa7e390,0x00000000efa80000)
  to   space 10752K, 0% used [0x00000000ee780000,0x00000000ee780000,0x00000000ef200000)
 ParOldGen       total 33280K, used 14602K [0x00000000c5200000, 0x00000000c7280000, 0x00000000ec600000)
  object space 33280K, 43% used [0x00000000c5200000,0x00000000c6042990,0x00000000c7280000)
 Metaspace       used 33406K, capacity 35326K, committed 35416K, reserved 1079296K
  class space    used 4410K, capacity 4780K, committed 4864K, reserved 1048576K
Event: 43.524 GC heap after
Heap after GC invocations=10 (full 1):
 PSYoungGen      total 45056K, used 8931K [0x00000000ec600000, 0x00000000f0800000, 0x0000000100000000)
  eden space 34304K, 0% used [0x00000000ec600000,0x00000000ec600000,0x00000000ee780000)
  from space 10752K, 83% used [0x00000000ee780000,0x00000000ef038c90,0x00000000ef200000)
  to   space 11776K, 0% used [0x00000000efc80000,0x00000000efc80000,0x00000000f0800000)
 ParOldGen       total 33280K, used 16383K [0x00000000c5200000, 0x00000000c7280000, 0x00000000ec600000)
  object space 33280K, 49% used [0x00000000c5200000,0x00000000c61fff28,0x00000000c7280000)
 Metaspace       used 33406K, capacity 35326K, committed 35416K, reserved 1079296K
  class space    used 4410K, capacity 4780K, committed 4864K, reserved 1048576K
}
Event: 43.524 GC heap before
{Heap before GC invocations=11 (full 2):
 PSYoungGen      total 45056K, used 8931K [0x00000000ec600000, 0x00000000f0800000, 0x0000000100000000)
  eden space 34304K, 0% used [0x00000000ec600000,0x00000000ec600000,0x00000000ee780000)
  from space 10752K, 83% used [0x00000000ee780000,0x00000000ef038c90,0x00000000ef200000)
  to   space 11776K, 0% used [0x00000000efc80000,0x00000000efc80000,0x00000000f0800000)
 ParOldGen       total 33280K, used 16383K [0x00000000c5200000, 0x00000000c7280000, 0x00000000ec600000)
  object space 33280K, 49% used [0x00000000c5200000,0x00000000c61fff28,0x00000000c7280000)
 Metaspace       used 33406K, capacity 35326K, committed 35416K, reserved 1079296K
  class space    used 4410K, capacity 4780K, committed 4864K, reserved 1048576K
Event: 43.719 GC heap after
Heap after GC invocations=11 (full 2):
 PSYoungGen      total 45056K, used 0K [0x00000000ec600000, 0x00000000f0800000, 0x0000000100000000)
  eden space 34304K, 0% used [0x00000000ec600000,0x00000000ec600000,0x00000000ee780000)
  from space 10752K, 0% used [0x00000000ee780000,0x00000000ee780000,0x00000000ef200000)
  to   space 11776K, 0% used [0x00000000efc80000,0x00000000efc80000,0x00000000f0800000)
 ParOldGen       total 61952K, used 23339K [0x00000000c5200000, 0x00000000c8e80000, 0x00000000ec600000)
  object space 61952K, 37% used [0x00000000c5200000,0x00000000c68cae68,0x00000000c8e80000)
 Metaspace       used 33406K, capacity 35326K, committed 35416K, reserved 1079296K
  class space    used 4410K, capacity 4780K, committed 4864K, reserved 1048576K
}
Event: 45.918 GC heap before
{Heap before GC invocations=12 (full 2):
 PSYoungGen      total 45056K, used 34304K [0x00000000ec600000, 0x00000000f0800000, 0x0000000100000000)
  eden space 34304K, 100% used [0x00000000ec600000,0x00000000ee780000,0x00000000ee780000)
  from space 10752K, 0% used [0x00000000ee780000,0x00000000ee780000,0x00000000ef200000)
  to   space 11776K, 0% used [0x00000000efc80000,0x00000000efc80000,0x00000000f0800000)
 ParOldGen       total 61952K, used 23339K [0x00000000c5200000, 0x00000000c8e80000, 0x00000000ec600000)
  object space 61952K, 37% used [0x00000000c5200000,0x00000000c68cae68,0x00000000c8e80000)
 Metaspace       used 39544K, capacity 41586K, committed 41728K, reserved 1085440K
  class space    used 5188K, capacity 5585K, committed 5632K, reserved 1048576K
Event: 45.929 GC heap after
Heap after GC invocations=12 (full 2):
 PSYoungGen      total 53760K, used 7121K [0x00000000ec600000, 0x00000000f0680000, 0x0000000100000000)
  eden space 43520K, 0% used [0x00000000ec600000,0x00000000ec600000,0x00000000ef080000)
  from space 10240K, 69% used [0x00000000efc80000,0x00000000f03746f0,0x00000000f0680000)
  to   space 11264K, 0% used [0x00000000ef080000,0x00000000ef080000,0x00000000efb80000)
 ParOldGen       total 61952K, used 23347K [0x00000000c5200000, 0x00000000c8e80000, 0x00000000ec600000)
  object space 61952K, 37% used [0x00000000c5200000,0x00000000c68cce68,0x00000000c8e80000)
 Metaspace       used 39544K, capacity 41586K, committed 41728K, reserved 1085440K
  class space    used 5188K, capacity 5585K, committed 5632K, reserved 1048576K
}
Event: 64.638 GC heap before
{Heap before GC invocations=13 (full 2):
 PSYoungGen      total 53760K, used 50641K [0x00000000ec600000, 0x00000000f0680000, 0x0000000100000000)
  eden space 43520K, 100% used [0x00000000ec600000,0x00000000ef080000,0x00000000ef080000)
  from space 10240K, 69% used [0x00000000efc80000,0x00000000f03746f0,0x00000000f0680000)
  to   space 11264K, 0% used [0x00000000ef080000,0x00000000ef080000,0x00000000efb80000)
 ParOldGen       total 61952K, used 23347K [0x00000000c5200000, 0x00000000c8e80000, 0x00000000ec600000)
  object space 61952K, 37% used [0x00000000c5200000,0x00000000c68cce68,0x00000000c8e80000)
 Metaspace       used 45349K, capacity 47766K, committed 48000K, reserved 1091584K
  class space    used 5797K, capacity 6221K, committed 6272K, reserved 1048576K
Event: 64.652 GC heap after
Heap after GC invocations=13 (full 2):
 PSYoungGen      total 51712K, used 9042K [0x00000000ec600000, 0x00000000f0680000, 0x0000000100000000)
  eden space 42496K, 0% used [0x00000000ec600000,0x00000000ec600000,0x00000000eef80000)
  from space 9216K, 98% used [0x00000000ef080000,0x00000000ef954a48,0x00000000ef980000)
  to   space 11776K, 0% used [0x00000000efb00000,0x00000000efb00000,0x00000000f0680000)
 ParOldGen       total 61952K, used 23355K [0x00000000c5200000, 0x00000000c8e80000, 0x00000000ec600000)
  object space 61952K, 37% used [0x00000000c5200000,0x00000000c68cee68,0x00000000c8e80000)
 Metaspace       used 45349K, capacity 47766K, committed 48000K, reserved 1091584K
  class space    used 5797K, capacity 6221K, committed 6272K, reserved 1048576K
}

