# JRE version: Java(TM) SE Runtime Environment (8.0_321-b07) (build 1.8.0_321-b07)
# Java VM: Java HotSpot(TM) 64-Bit Server VM (25.321-b07 mixed mode windows-amd64 compressed oops)
Heap:
 PSYoungGen      total 51712K, used 50467K [0x00000000ec600000, 0x00000000f0500000, 0x0000000100000000)
  eden space 45056K, 97% used [0x00000000ec600000,0x00000000ef0cfea8,0x00000000ef200000)
  from space 6656K, 99% used [0x00000000efb00000,0x00000000f0178db0,0x00000000f0180000)
  to   space 9216K, 0% used [0x00000000ef200000,0x00000000ef200000,0x00000000efb00000)
 ParOldGen       total 33280K, used 13601K [0x00000000c5200000, 0x00000000c7280000, 0x00000000ec600000)
  object space 33280K, 40% used [0x00000000c5200000,0x00000000c5f487a0,0x00000000c7280000)
 Metaspace       used 33460K, capacity 35160K, committed 35328K, reserved 1079296K
  class space    used 4401K, capacity 4839K, committed 4864K, reserved 1048576K
GC Heap History (10 events):
Event: 7.082 GC heap before
{Heap before GC invocations=3 (full 0):
 PSYoungGen      total 17920K, used 17896K [0x00000000ec600000, 0x00000000eda00000, 0x0000000100000000)
  eden space 15360K, 100% used [0x00000000ec600000,0x00000000ed500000,0x00000000ed500000)
  from space 2560K, 99% used [0x00000000ed780000,0x00000000ed9fa030,0x00000000eda00000)
  to   space 2560K, 0% used [0x00000000ed500000,0x00000000ed500000,0x00000000ed780000)
 ParOldGen       total 40960K, used 3189K [0x00000000c5200000, 0x00000000c7a00000, 0x00000000ec600000)
  object space 40960K, 7% used [0x00000000c5200000,0x00000000c551d640,0x00000000c7a00000)
 Metaspace       used 17671K, capacity 18086K, committed 18304K, reserved 1064960K
  class space    used 2243K, capacity 2390K, committed 2432K, reserved 1048576K
Event: 7.093 GC heap after
Heap after GC invocations=3 (full 0):
 PSYoungGen      total 17920K, used 2560K [0x00000000ec600000, 0x00000000ee900000, 0x0000000100000000)
  eden space 15360K, 0% used [0x00000000ec600000,0x00000000ec600000,0x00000000ed500000)
  from space 2560K, 100% used [0x00000000ed500000,0x00000000ed780000,0x00000000ed780000)
  to   space 2560K, 0% used [0x00000000ee680000,0x00000000ee680000,0x00000000ee900000)
 ParOldGen       total 40960K, used 6128K [0x00000000c5200000, 0x00000000c7a00000, 0x00000000ec600000)
  object space 40960K, 14% used [0x00000000c5200000,0x00000000c57fc090,0x00000000c7a00000)
 Metaspace       used 17671K, capacity 18086K, committed 18304K, reserved 1064960K
  class space    used 2243K, capacity 2390K, committed 2432K, reserved 1048576K
}
Event: 7.599 GC heap before
{Heap before GC invocations=4 (full 0):
 PSYoungGen      total 17920K, used 11662K [0x00000000ec600000, 0x00000000ee900000, 0x0000000100000000)
  eden space 15360K, 59% used [0x00000000ec600000,0x00000000ecee3ac0,0x00000000ed500000)
  from space 2560K, 100% used [0x00000000ed500000,0x00000000ed780000,0x00000000ed780000)
  to   space 2560K, 0% used [0x00000000ee680000,0x00000000ee680000,0x00000000ee900000)
 ParOldGen       total 40960K, used 6128K [0x00000000c5200000, 0x00000000c7a00000, 0x00000000ec600000)
  object space 40960K, 14% used [0x00000000c5200000,0x00000000c57fc090,0x00000000c7a00000)
 Metaspace       used 20650K, capacity 21134K, committed 21248K, reserved 1067008K
  class space    used 2600K, capacity 2766K, committed 2816K, reserved 1048576K
Event: 7.608 GC heap after
Heap after GC invocations=4 (full 0):
 PSYoungGen      total 33280K, used 2528K [0x00000000ec600000, 0x00000000ee900000, 0x0000000100000000)
  eden space 30720K, 0% used [0x00000000ec600000,0x00000000ec600000,0x00000000ee400000)
  from space 2560K, 98% used [0x00000000ee680000,0x00000000ee8f8020,0x00000000ee900000)
  to   space 2560K, 0% used [0x00000000ee400000,0x00000000ee400000,0x00000000ee680000)
 ParOldGen       total 40960K, used 7850K [0x00000000c5200000, 0x00000000c7a00000, 0x00000000ec600000)
  object space 40960K, 19% used [0x00000000c5200000,0x00000000c59aaa40,0x00000000c7a00000)
 Metaspace       used 20650K, capacity 21134K, committed 21248K, reserved 1067008K
  class space    used 2600K, capacity 2766K, committed 2816K, reserved 1048576K
}
Event: 7.608 GC heap before
{Heap before GC invocations=5 (full 1):
 PSYoungGen      total 33280K, used 2528K [0x00000000ec600000, 0x00000000ee900000, 0x0000000100000000)
  eden space 30720K, 0% used [0x00000000ec600000,0x00000000ec600000,0x00000000ee400000)
  from space 2560K, 98% used [0x00000000ee680000,0x00000000ee8f8020,0x00000000ee900000)
  to   space 2560K, 0% used [0x00000000ee400000,0x00000000ee400000,0x00000000ee680000)
 ParOldGen       total 40960K, used 7850K [0x00000000c5200000, 0x00000000c7a00000, 0x00000000ec600000)
  object space 40960K, 19% used [0x00000000c5200000,0x00000000c59aaa40,0x00000000c7a00000)
 Metaspace       used 20650K, capacity 21134K, committed 21248K, reserved 1067008K
  class space    used 2600K, capacity 2766K, committed 2816K, reserved 1048576K
Event: 7.673 GC heap after
Heap after GC invocations=5 (full 1):
 PSYoungGen      total 33280K, used 0K [0x00000000ec600000, 0x00000000ee900000, 0x0000000100000000)
  eden space 30720K, 0% used [0x00000000ec600000,0x00000000ec600000,0x00000000ee400000)
  from space 2560K, 0% used [0x00000000ee680000,0x00000000ee680000,0x00000000ee900000)
  to   space 2560K, 0% used [0x00000000ee400000,0x00000000ee400000,0x00000000ee680000)
 ParOldGen       total 33280K, used 7335K [0x00000000c5200000, 0x00000000c7280000, 0x00000000ec600000)
  object space 33280K, 22% used [0x00000000c5200000,0x00000000c5929d78,0x00000000c7280000)
 Metaspace       used 20643K, capacity 21122K, committed 21248K, reserved 1067008K
  class space    used 2599K, capacity 2764K, committed 2816K, reserved 1048576K
}
Event: 12.783 GC heap before
{Heap before GC invocations=6 (full 1):
 PSYoungGen      total 33280K, used 30720K [0x00000000ec600000, 0x00000000ee900000, 0x0000000100000000)
  eden space 30720K, 100% used [0x00000000ec600000,0x00000000ee400000,0x00000000ee400000)
  from space 2560K, 0% used [0x00000000ee680000,0x00000000ee680000,0x00000000ee900000)
  to   space 2560K, 0% used [0x00000000ee400000,0x00000000ee400000,0x00000000ee680000)
 ParOldGen       total 33280K, used 7335K [0x00000000c5200000, 0x00000000c7280000, 0x00000000ec600000)
  object space 33280K, 22% used [0x00000000c5200000,0x00000000c5929d78,0x00000000c7280000)
 Metaspace       used 26269K, capacity 27058K, committed 27264K, reserved 1073152K
  class space    used 3495K, capacity 3710K, committed 3712K, reserved 1048576K
Event: 12.794 GC heap after
Heap after GC invocations=6 (full 1):
 PSYoungGen      total 33280K, used 2552K [0x00000000ec600000, 0x00000000f0180000, 0x0000000100000000)
  eden space 30720K, 0% used [0x00000000ec600000,0x00000000ec600000,0x00000000ee400000)
  from space 2560K, 99% used [0x00000000ee400000,0x00000000ee67e090,0x00000000ee680000)
  to   space 6656K, 0% used [0x00000000efb00000,0x00000000efb00000,0x00000000f0180000)
 ParOldGen       total 33280K, used 10342K [0x00000000c5200000, 0x00000000c7280000, 0x00000000ec600000)
  object space 33280K, 31% used [0x00000000c5200000,0x00000000c5c19b18,0x00000000c7280000)
 Metaspace       used 26269K, capacity 27058K, committed 27264K, reserved 1073152K
  class space    used 3495K, capacity 3710K, committed 3712K, reserved 1048576K
}
Event: 17.320 GC heap before
{Heap before GC invocations=7 (full 1):
 PSYoungGen      total 33280K, used 33272K [0x00000000ec600000, 0x00000000f0180000, 0x0000000100000000)
  eden space 30720K, 100% used [0x00000000ec600000,0x00000000ee400000,0x00000000ee400000)
  from space 2560K, 99% used [0x00000000ee400000,0x00000000ee67e090,0x00000000ee680000)
  to   space 6656K, 0% used [0x00000000efb00000,0x00000000efb00000,0x00000000f0180000)
 ParOldGen       total 33280K, used 10342K [0x00000000c5200000, 0x00000000c7280000, 0x00000000ec600000)
  object space 33280K, 31% used [0x00000000c5200000,0x00000000c5c19b18,0x00000000c7280000)
 Metaspace       used 31745K, capacity 33264K, committed 33408K, reserved 1077248K
  class space    used 4232K, capacity 4633K, committed 4736K, reserved 1048576K
Event: 17.337 GC heap after
Heap after GC invocations=7 (full 1):
 PSYoungGen      total 51712K, used 6627K [0x00000000ec600000, 0x00000000f0500000, 0x0000000100000000)
  eden space 45056K, 0% used [0x00000000ec600000,0x00000000ec600000,0x00000000ef200000)
  from space 6656K, 99% used [0x00000000efb00000,0x00000000f0178db0,0x00000000f0180000)
  to   space 9216K, 0% used [0x00000000ef200000,0x00000000ef200000,0x00000000efb00000)
 ParOldGen       total 33280K, used 13601K [0x00000000c5200000, 0x00000000c7280000, 0x00000000ec600000)
  object space 33280K, 40% used [0x00000000c5200000,0x00000000c5f487a0,0x00000000c7280000)
 Metaspace       used 31745K, capacity 33264K, committed 33408K, reserved 1077248K
  class space    used 4232K, capacity 4633K, committed 4736K, reserved 1048576K
}

