# JRE version: Java(TM) SE Runtime Environment (8.0_321-b07) (build 1.8.0_321-b07)
# Java VM: Java HotSpot(TM) 64-Bit Server VM (25.321-b07 mixed mode windows-amd64 compressed oops)
Heap:
 PSYoungGen      total 26624K, used 23076K [0x00000000ec600000, 0x00000000ef500000, 0x0000000100000000)
  eden space 19968K, 82% used [0x00000000ec600000,0x00000000ed610f18,0x00000000ed980000)
  from space 6656K, 99% used [0x00000000ed980000,0x00000000edff81e0,0x00000000ee000000)
  to   space 10752K, 0% used [0x00000000eea80000,0x00000000eea80000,0x00000000ef500000)
 ParOldGen       total 37888K, used 15251K [0x00000000c5200000, 0x00000000c7700000, 0x00000000ec600000)
  object space 37888K, 40% used [0x00000000c5200000,0x00000000c60e4f00,0x00000000c7700000)
 Metaspace       used 31652K, capacity 33186K, committed 33408K, reserved 1077248K
  class space    used 4265K, capacity 4664K, committed 4736K, reserved 1048576K
GC Heap History (10 events):
Event: 7.174 GC heap before
{Heap before GC invocations=4 (full 0):
 PSYoungGen      total 17920K, used 10519K [0x00000000ec600000, 0x00000000eda00000, 0x0000000100000000)
  eden space 15360K, 52% used [0x00000000ec600000,0x00000000ecdcdfa8,0x00000000ed500000)
  from space 2560K, 98% used [0x00000000ed500000,0x00000000ed778030,0x00000000ed780000)
  to   space 2560K, 0% used [0x00000000ed780000,0x00000000ed780000,0x00000000eda00000)
 ParOldGen       total 40960K, used 6609K [0x00000000c5200000, 0x00000000c7a00000, 0x00000000ec600000)
  object space 40960K, 16% used [0x00000000c5200000,0x00000000c5874438,0x00000000c7a00000)
 Metaspace       used 20608K, capacity 21092K, committed 21248K, reserved 1067008K
  class space    used 2572K, capacity 2733K, committed 2816K, reserved 1048576K
Event: 7.185 GC heap after
Heap after GC invocations=4 (full 0):
 PSYoungGen      total 17920K, used 2528K [0x00000000ec600000, 0x00000000eda00000, 0x0000000100000000)
  eden space 15360K, 0% used [0x00000000ec600000,0x00000000ec600000,0x00000000ed500000)
  from space 2560K, 98% used [0x00000000ed780000,0x00000000ed9f8030,0x00000000eda00000)
  to   space 2560K, 0% used [0x00000000ed500000,0x00000000ed500000,0x00000000ed780000)
 ParOldGen       total 40960K, used 7956K [0x00000000c5200000, 0x00000000c7a00000, 0x00000000ec600000)
  object space 40960K, 19% used [0x00000000c5200000,0x00000000c59c5248,0x00000000c7a00000)
 Metaspace       used 20608K, capacity 21092K, committed 21248K, reserved 1067008K
  class space    used 2572K, capacity 2733K, committed 2816K, reserved 1048576K
}
Event: 7.186 GC heap before
{Heap before GC invocations=5 (full 1):
 PSYoungGen      total 17920K, used 2528K [0x00000000ec600000, 0x00000000eda00000, 0x0000000100000000)
  eden space 15360K, 0% used [0x00000000ec600000,0x00000000ec600000,0x00000000ed500000)
  from space 2560K, 98% used [0x00000000ed780000,0x00000000ed9f8030,0x00000000eda00000)
  to   space 2560K, 0% used [0x00000000ed500000,0x00000000ed500000,0x00000000ed780000)
 ParOldGen       total 40960K, used 7956K [0x00000000c5200000, 0x00000000c7a00000, 0x00000000ec600000)
  object space 40960K, 19% used [0x00000000c5200000,0x00000000c59c5248,0x00000000c7a00000)
 Metaspace       used 20608K, capacity 21092K, committed 21248K, reserved 1067008K
  class space    used 2572K, capacity 2733K, committed 2816K, reserved 1048576K
Event: 7.319 GC heap after
Heap after GC invocations=5 (full 1):
 PSYoungGen      total 17920K, used 0K [0x00000000ec600000, 0x00000000eda00000, 0x0000000100000000)
  eden space 15360K, 0% used [0x00000000ec600000,0x00000000ec600000,0x00000000ed500000)
  from space 2560K, 0% used [0x00000000ed780000,0x00000000ed780000,0x00000000eda00000)
  to   space 2560K, 0% used [0x00000000ed500000,0x00000000ed500000,0x00000000ed780000)
 ParOldGen       total 37888K, used 8019K [0x00000000c5200000, 0x00000000c7700000, 0x00000000ec600000)
  object space 37888K, 21% used [0x00000000c5200000,0x00000000c59d4eb0,0x00000000c7700000)
 Metaspace       used 20601K, capacity 21080K, committed 21248K, reserved 1067008K
  class space    used 2571K, capacity 2731K, committed 2816K, reserved 1048576K
}
Event: 13.836 GC heap before
{Heap before GC invocations=6 (full 1):
 PSYoungGen      total 17920K, used 15360K [0x00000000ec600000, 0x00000000eda00000, 0x0000000100000000)
  eden space 15360K, 100% used [0x00000000ec600000,0x00000000ed500000,0x00000000ed500000)
  from space 2560K, 0% used [0x00000000ed780000,0x00000000ed780000,0x00000000eda00000)
  to   space 2560K, 0% used [0x00000000ed500000,0x00000000ed500000,0x00000000ed780000)
 ParOldGen       total 37888K, used 8019K [0x00000000c5200000, 0x00000000c7700000, 0x00000000ec600000)
  object space 37888K, 21% used [0x00000000c5200000,0x00000000c59d4eb0,0x00000000c7700000)
 Metaspace       used 24692K, capacity 25504K, committed 25600K, reserved 1071104K
  class space    used 3305K, capacity 3511K, committed 3584K, reserved 1048576K
Event: 13.848 GC heap after
Heap after GC invocations=6 (full 1):
 PSYoungGen      total 17920K, used 2552K [0x00000000ec600000, 0x00000000ee680000, 0x0000000100000000)
  eden space 15360K, 0% used [0x00000000ec600000,0x00000000ec600000,0x00000000ed500000)
  from space 2560K, 99% used [0x00000000ed500000,0x00000000ed77e030,0x00000000ed780000)
  to   space 6656K, 0% used [0x00000000ee000000,0x00000000ee000000,0x00000000ee680000)
 ParOldGen       total 37888K, used 8815K [0x00000000c5200000, 0x00000000c7700000, 0x00000000ec600000)
  object space 37888K, 23% used [0x00000000c5200000,0x00000000c5a9be40,0x00000000c7700000)
 Metaspace       used 24692K, capacity 25504K, committed 25600K, reserved 1071104K
  class space    used 3305K, capacity 3511K, committed 3584K, reserved 1048576K
}
Event: 15.502 GC heap before
{Heap before GC invocations=7 (full 1):
 PSYoungGen      total 17920K, used 17912K [0x00000000ec600000, 0x00000000ee680000, 0x0000000100000000)
  eden space 15360K, 100% used [0x00000000ec600000,0x00000000ed500000,0x00000000ed500000)
  from space 2560K, 99% used [0x00000000ed500000,0x00000000ed77e030,0x00000000ed780000)
  to   space 6656K, 0% used [0x00000000ee000000,0x00000000ee000000,0x00000000ee680000)
 ParOldGen       total 37888K, used 8815K [0x00000000c5200000, 0x00000000c7700000, 0x00000000ec600000)
  object space 37888K, 23% used [0x00000000c5200000,0x00000000c5a9be40,0x00000000c7700000)
 Metaspace       used 26208K, capacity 27080K, committed 27264K, reserved 1073152K
  class space    used 3471K, capacity 3703K, committed 3712K, reserved 1048576K
Event: 15.521 GC heap after
Heap after GC invocations=7 (full 1):
 PSYoungGen      total 26624K, used 5088K [0x00000000ec600000, 0x00000000ee700000, 0x0000000100000000)
  eden space 19968K, 0% used [0x00000000ec600000,0x00000000ec600000,0x00000000ed980000)
  from space 6656K, 76% used [0x00000000ee000000,0x00000000ee4f8150,0x00000000ee680000)
  to   space 6656K, 0% used [0x00000000ed980000,0x00000000ed980000,0x00000000ee000000)
 ParOldGen       total 37888K, used 8823K [0x00000000c5200000, 0x00000000c7700000, 0x00000000ec600000)
  object space 37888K, 23% used [0x00000000c5200000,0x00000000c5a9de40,0x00000000c7700000)
 Metaspace       used 26208K, capacity 27080K, committed 27264K, reserved 1073152K
  class space    used 3471K, capacity 3703K, committed 3712K, reserved 1048576K
}
Event: 19.803 GC heap before
{Heap before GC invocations=8 (full 1):
 PSYoungGen      total 26624K, used 25056K [0x00000000ec600000, 0x00000000ee700000, 0x0000000100000000)
  eden space 19968K, 100% used [0x00000000ec600000,0x00000000ed980000,0x00000000ed980000)
  from space 6656K, 76% used [0x00000000ee000000,0x00000000ee4f8150,0x00000000ee680000)
  to   space 6656K, 0% used [0x00000000ed980000,0x00000000ed980000,0x00000000ee000000)
 ParOldGen       total 37888K, used 8823K [0x00000000c5200000, 0x00000000c7700000, 0x00000000ec600000)
  object space 37888K, 23% used [0x00000000c5200000,0x00000000c5a9de40,0x00000000c7700000)
 Metaspace       used 29311K, capacity 30318K, committed 30592K, reserved 1075200K
  class space    used 3821K, capacity 4118K, committed 4224K, reserved 1048576K
Event: 19.837 GC heap after
Heap after GC invocations=8 (full 1):
 PSYoungGen      total 26624K, used 6624K [0x00000000ec600000, 0x00000000ef500000, 0x0000000100000000)
  eden space 19968K, 0% used [0x00000000ec600000,0x00000000ec600000,0x00000000ed980000)
  from space 6656K, 99% used [0x00000000ed980000,0x00000000edff81e0,0x00000000ee000000)
  to   space 10752K, 0% used [0x00000000eea80000,0x00000000eea80000,0x00000000ef500000)
 ParOldGen       total 37888K, used 15251K [0x00000000c5200000, 0x00000000c7700000, 0x00000000ec600000)
  object space 37888K, 40% used [0x00000000c5200000,0x00000000c60e4f00,0x00000000c7700000)
 Metaspace       used 29311K, capacity 30318K, committed 30592K, reserved 1075200K
  class space    used 3821K, capacity 4118K, committed 4224K, reserved 1048576K
}

