# JRE version: Java(TM) SE Runtime Environment (8.0_321-b07) (build 1.8.0_321-b07)
# Java VM: Java HotSpot(TM) 64-Bit Server VM (25.321-b07 mixed mode windows-amd64 compressed oops)
Heap:
 PSYoungGen      total 128512K, used 12497K [0x00000000ec600000, 0x00000000f6580000, 0x0000000100000000)
  eden space 107520K, 11% used [0x00000000ec600000,0x00000000ed234668,0x00000000f2f00000)
  from space 20992K, 0% used [0x00000000f4400000,0x00000000f4400000,0x00000000f5880000)
  to   space 21504K, 0% used [0x00000000f2f00000,0x00000000f2f00000,0x00000000f4400000)
 ParOldGen       total 61952K, used 24797K [0x00000000c5200000, 0x00000000c8e80000, 0x00000000ec600000)
  object space 61952K, 40% used [0x00000000c5200000,0x00000000c6a37688,0x00000000c8e80000)
 Metaspace       used 35721K, capacity 37636K, committed 37796K, reserved 1081344K
  class space    used 4580K, capacity 4923K, committed 5028K, reserved 1048576K
GC Heap History (10 events):
Event: 91.400 GC heap before
{Heap before GC invocations=14 (full 1):
 PSYoungGen      total 71680K, used 70073K [0x00000000ec600000, 0x00000000f1c80000, 0x0000000100000000)
  eden space 57344K, 100% used [0x00000000ec600000,0x00000000efe00000,0x00000000efe00000)
  from space 14336K, 88% used [0x00000000f0d00000,0x00000000f196e410,0x00000000f1b00000)
  to   space 15360K, 0% used [0x00000000efe00000,0x00000000efe00000,0x00000000f0d00000)
 ParOldGen       total 35328K, used 18485K [0x00000000c5200000, 0x00000000c7480000, 0x00000000ec600000)
  object space 35328K, 52% used [0x00000000c5200000,0x00000000c640d578,0x00000000c7480000)
 Metaspace       used 27900K, capacity 28848K, committed 29184K, reserved 1075200K
  class space    used 3516K, capacity 3753K, committed 3840K, reserved 1048576K
Event: 91.487 GC heap after
Heap after GC invocations=14 (full 1):
 PSYoungGen      total 72704K, used 13474K [0x00000000ec600000, 0x00000000f3580000, 0x0000000100000000)
  eden space 57344K, 0% used [0x00000000ec600000,0x00000000ec600000,0x00000000efe00000)
  from space 15360K, 87% used [0x00000000efe00000,0x00000000f0b28b20,0x00000000f0d00000)
  to   space 16896K, 0% used [0x00000000f2500000,0x00000000f2500000,0x00000000f3580000)
 ParOldGen       total 35328K, used 23180K [0x00000000c5200000, 0x00000000c7480000, 0x00000000ec600000)
  object space 35328K, 65% used [0x00000000c5200000,0x00000000c68a3328,0x00000000c7480000)
 Metaspace       used 27900K, capacity 28848K, committed 29184K, reserved 1075200K
  class space    used 3516K, capacity 3753K, committed 3840K, reserved 1048576K
}
Event: 95.064 GC heap before
{Heap before GC invocations=15 (full 1):
 PSYoungGen      total 72704K, used 70818K [0x00000000ec600000, 0x00000000f3580000, 0x0000000100000000)
  eden space 57344K, 100% used [0x00000000ec600000,0x00000000efe00000,0x00000000efe00000)
  from space 15360K, 87% used [0x00000000efe00000,0x00000000f0b28b20,0x00000000f0d00000)
  to   space 16896K, 0% used [0x00000000f2500000,0x00000000f2500000,0x00000000f3580000)
 ParOldGen       total 35328K, used 23180K [0x00000000c5200000, 0x00000000c7480000, 0x00000000ec600000)
  object space 35328K, 65% used [0x00000000c5200000,0x00000000c68a3328,0x00000000c7480000)
 Metaspace       used 28061K, capacity 29010K, committed 29184K, reserved 1075200K
  class space    used 3528K, capacity 3764K, committed 3840K, reserved 1048576K
Event: 95.140 GC heap after
Heap after GC invocations=15 (full 1):
 PSYoungGen      total 95744K, used 13938K [0x00000000ec600000, 0x00000000f3880000, 0x0000000100000000)
  eden space 78848K, 0% used [0x00000000ec600000,0x00000000ec600000,0x00000000f1300000)
  from space 16896K, 82% used [0x00000000f2500000,0x00000000f329cb70,0x00000000f3580000)
  to   space 18432K, 0% used [0x00000000f1300000,0x00000000f1300000,0x00000000f2500000)
 ParOldGen       total 35328K, used 23668K [0x00000000c5200000, 0x00000000c7480000, 0x00000000ec600000)
  object space 35328K, 66% used [0x00000000c5200000,0x00000000c691d338,0x00000000c7480000)
 Metaspace       used 28061K, capacity 29010K, committed 29184K, reserved 1075200K
  class space    used 3528K, capacity 3764K, committed 3840K, reserved 1048576K
}
Event: 112.456 GC heap before
{Heap before GC invocations=16 (full 1):
 PSYoungGen      total 95744K, used 89976K [0x00000000ec600000, 0x00000000f3880000, 0x0000000100000000)
  eden space 78848K, 96% used [0x00000000ec600000,0x00000000f1041780,0x00000000f1300000)
  from space 16896K, 82% used [0x00000000f2500000,0x00000000f329cb70,0x00000000f3580000)
  to   space 18432K, 0% used [0x00000000f1300000,0x00000000f1300000,0x00000000f2500000)
 ParOldGen       total 35328K, used 23668K [0x00000000c5200000, 0x00000000c7480000, 0x00000000ec600000)
  object space 35328K, 66% used [0x00000000c5200000,0x00000000c691d338,0x00000000c7480000)
 Metaspace       used 33475K, capacity 35392K, committed 35672K, reserved 1081344K
  class space    used 4321K, capacity 4671K, committed 4696K, reserved 1048576K
Event: 112.533 GC heap after
Heap after GC invocations=16 (full 1):
 PSYoungGen      total 97280K, used 18311K [0x00000000ec600000, 0x00000000f5880000, 0x0000000100000000)
  eden space 78848K, 0% used [0x00000000ec600000,0x00000000ec600000,0x00000000f1300000)
  from space 18432K, 99% used [0x00000000f1300000,0x00000000f24e1fe0,0x00000000f2500000)
  to   space 20992K, 0% used [0x00000000f4400000,0x00000000f4400000,0x00000000f5880000)
 ParOldGen       total 35328K, used 24044K [0x00000000c5200000, 0x00000000c7480000, 0x00000000ec600000)
  object space 35328K, 68% used [0x00000000c5200000,0x00000000c697b358,0x00000000c7480000)
 Metaspace       used 33475K, capacity 35392K, committed 35672K, reserved 1081344K
  class space    used 4321K, capacity 4671K, committed 4696K, reserved 1048576K
}
Event: 112.700 GC heap before
{Heap before GC invocations=17 (full 1):
 PSYoungGen      total 97280K, used 21088K [0x00000000ec600000, 0x00000000f5880000, 0x0000000100000000)
  eden space 78848K, 3% used [0x00000000ec600000,0x00000000ec8b6198,0x00000000f1300000)
  from space 18432K, 99% used [0x00000000f1300000,0x00000000f24e1fe0,0x00000000f2500000)
  to   space 20992K, 0% used [0x00000000f4400000,0x00000000f4400000,0x00000000f5880000)
 ParOldGen       total 35328K, used 24044K [0x00000000c5200000, 0x00000000c7480000, 0x00000000ec600000)
  object space 35328K, 68% used [0x00000000c5200000,0x00000000c697b358,0x00000000c7480000)
 Metaspace       used 33760K, capacity 35630K, committed 35748K, reserved 1081344K
  class space    used 4361K, capacity 4716K, committed 4772K, reserved 1048576K
Event: 112.747 GC heap after
Heap after GC invocations=17 (full 1):
 PSYoungGen      total 128512K, used 384K [0x00000000ec600000, 0x00000000f6580000, 0x0000000100000000)
  eden space 107520K, 0% used [0x00000000ec600000,0x00000000ec600000,0x00000000f2f00000)
  from space 20992K, 1% used [0x00000000f4400000,0x00000000f4460000,0x00000000f5880000)
  to   space 21504K, 0% used [0x00000000f2f00000,0x00000000f2f00000,0x00000000f4400000)
 ParOldGen       total 37888K, used 37095K [0x00000000c5200000, 0x00000000c7700000, 0x00000000ec600000)
  object space 37888K, 97% used [0x00000000c5200000,0x00000000c7639d40,0x00000000c7700000)
 Metaspace       used 33760K, capacity 35630K, committed 35748K, reserved 1081344K
  class space    used 4361K, capacity 4716K, committed 4772K, reserved 1048576K
}
Event: 112.747 GC heap before
{Heap before GC invocations=18 (full 2):
 PSYoungGen      total 128512K, used 384K [0x00000000ec600000, 0x00000000f6580000, 0x0000000100000000)
  eden space 107520K, 0% used [0x00000000ec600000,0x00000000ec600000,0x00000000f2f00000)
  from space 20992K, 1% used [0x00000000f4400000,0x00000000f4460000,0x00000000f5880000)
  to   space 21504K, 0% used [0x00000000f2f00000,0x00000000f2f00000,0x00000000f4400000)
 ParOldGen       total 37888K, used 37095K [0x00000000c5200000, 0x00000000c7700000, 0x00000000ec600000)
  object space 37888K, 97% used [0x00000000c5200000,0x00000000c7639d40,0x00000000c7700000)
 Metaspace       used 33760K, capacity 35630K, committed 35748K, reserved 1081344K
  class space    used 4361K, capacity 4716K, committed 4772K, reserved 1048576K
Event: 113.253 GC heap after
Heap after GC invocations=18 (full 2):
 PSYoungGen      total 128512K, used 0K [0x00000000ec600000, 0x00000000f6580000, 0x0000000100000000)
  eden space 107520K, 0% used [0x00000000ec600000,0x00000000ec600000,0x00000000f2f00000)
  from space 20992K, 0% used [0x00000000f4400000,0x00000000f4400000,0x00000000f5880000)
  to   space 21504K, 0% used [0x00000000f2f00000,0x00000000f2f00000,0x00000000f4400000)
 ParOldGen       total 61952K, used 24797K [0x00000000c5200000, 0x00000000c8e80000, 0x00000000ec600000)
  object space 61952K, 40% used [0x00000000c5200000,0x00000000c6a37688,0x00000000c8e80000)
 Metaspace       used 33760K, capacity 35630K, committed 35748K, reserved 1081344K
  class space    used 4361K, capacity 4716K, committed 4772K, reserved 1048576K
}

