# JRE version: Java(TM) SE Runtime Environment (8.0_321-b07) (build 1.8.0_321-b07)
# Java VM: Java HotSpot(TM) 64-Bit Server VM (25.321-b07 mixed mode windows-amd64 compressed oops)
Heap:
 PSYoungGen      total 125952K, used 11650K [0x00000000ec600000, 0x00000000f5700000, 0x0000000100000000)
  eden space 109568K, 10% used [0x00000000ec600000,0x00000000ed160ac8,0x00000000f3100000)
  from space 16384K, 0% used [0x00000000f4700000,0x00000000f4700000,0x00000000f5700000)
  to   space 19456K, 0% used [0x00000000f3100000,0x00000000f3100000,0x00000000f4400000)
 ParOldGen       total 54784K, used 22021K [0x00000000c5200000, 0x00000000c8780000, 0x00000000ec600000)
  object space 54784K, 40% used [0x00000000c5200000,0x00000000c6781730,0x00000000c8780000)
 Metaspace       used 35555K, capacity 36840K, committed 36952K, reserved 1081344K
  class space    used 4518K, capacity 4779K, committed 4864K, reserved 1048576K
GC Heap History (10 events):
Event: 88.843 GC heap before
{Heap before GC invocations=12 (full 1):
 PSYoungGen      total 67072K, used 63281K [0x00000000ec600000, 0x00000000f1680000, 0x0000000100000000)
  eden space 53760K, 100% used [0x00000000ec600000,0x00000000efa80000,0x00000000efa80000)
  from space 13312K, 71% used [0x00000000f0800000,0x00000000f114c7b0,0x00000000f1500000)
  to   space 13824K, 0% used [0x00000000efa80000,0x00000000efa80000,0x00000000f0800000)
 ParOldGen       total 32768K, used 18115K [0x00000000c5200000, 0x00000000c7200000, 0x00000000ec600000)
  object space 32768K, 55% used [0x00000000c5200000,0x00000000c63b0e70,0x00000000c7200000)
 Metaspace       used 27645K, capacity 28478K, committed 28672K, reserved 1075200K
  class space    used 3511K, capacity 3720K, committed 3840K, reserved 1048576K
Event: 88.907 GC heap after
Heap after GC invocations=12 (full 1):
 PSYoungGen      total 67584K, used 13813K [0x00000000ec600000, 0x00000000f3280000, 0x0000000100000000)
  eden space 53760K, 0% used [0x00000000ec600000,0x00000000ec600000,0x00000000efa80000)
  from space 13824K, 99% used [0x00000000efa80000,0x00000000f07fd6c0,0x00000000f0800000)
  to   space 16384K, 0% used [0x00000000f2280000,0x00000000f2280000,0x00000000f3280000)
 ParOldGen       total 32768K, used 19099K [0x00000000c5200000, 0x00000000c7200000, 0x00000000ec600000)
  object space 32768K, 58% used [0x00000000c5200000,0x00000000c64a6e70,0x00000000c7200000)
 Metaspace       used 27645K, capacity 28478K, committed 28672K, reserved 1075200K
  class space    used 3511K, capacity 3720K, committed 3840K, reserved 1048576K
}
Event: 92.414 GC heap before
{Heap before GC invocations=13 (full 1):
 PSYoungGen      total 67584K, used 67573K [0x00000000ec600000, 0x00000000f3280000, 0x0000000100000000)
  eden space 53760K, 100% used [0x00000000ec600000,0x00000000efa80000,0x00000000efa80000)
  from space 13824K, 99% used [0x00000000efa80000,0x00000000f07fd6c0,0x00000000f0800000)
  to   space 16384K, 0% used [0x00000000f2280000,0x00000000f2280000,0x00000000f3280000)
 ParOldGen       total 32768K, used 19099K [0x00000000c5200000, 0x00000000c7200000, 0x00000000ec600000)
  object space 32768K, 58% used [0x00000000c5200000,0x00000000c64a6e70,0x00000000c7200000)
 Metaspace       used 27774K, capacity 28738K, committed 28928K, reserved 1075200K
  class space    used 3513K, capacity 3720K, committed 3840K, reserved 1048576K
Event: 92.494 GC heap after
Heap after GC invocations=13 (full 1):
 PSYoungGen      total 93696K, used 12770K [0x00000000ec600000, 0x00000000f3500000, 0x0000000100000000)
  eden space 77312K, 0% used [0x00000000ec600000,0x00000000ec600000,0x00000000f1180000)
  from space 16384K, 77% used [0x00000000f2280000,0x00000000f2ef8a60,0x00000000f3280000)
  to   space 17408K, 0% used [0x00000000f1180000,0x00000000f1180000,0x00000000f2280000)
 ParOldGen       total 32768K, used 22839K [0x00000000c5200000, 0x00000000c7200000, 0x00000000ec600000)
  object space 32768K, 69% used [0x00000000c5200000,0x00000000c684dc20,0x00000000c7200000)
 Metaspace       used 27774K, capacity 28738K, committed 28928K, reserved 1075200K
  class space    used 3513K, capacity 3720K, committed 3840K, reserved 1048576K
}
Event: 103.902 GC heap before
{Heap before GC invocations=14 (full 1):
 PSYoungGen      total 93696K, used 90082K [0x00000000ec600000, 0x00000000f3500000, 0x0000000100000000)
  eden space 77312K, 100% used [0x00000000ec600000,0x00000000f1180000,0x00000000f1180000)
  from space 16384K, 77% used [0x00000000f2280000,0x00000000f2ef8a60,0x00000000f3280000)
  to   space 17408K, 0% used [0x00000000f1180000,0x00000000f1180000,0x00000000f2280000)
 ParOldGen       total 32768K, used 22839K [0x00000000c5200000, 0x00000000c7200000, 0x00000000ec600000)
  object space 32768K, 69% used [0x00000000c5200000,0x00000000c684dc20,0x00000000c7200000)
 Metaspace       used 29389K, capacity 30450K, committed 30592K, reserved 1075200K
  class space    used 3680K, capacity 3942K, committed 3968K, reserved 1048576K
Event: 103.987 GC heap after
Heap after GC invocations=14 (full 1):
 PSYoungGen      total 94720K, used 17376K [0x00000000ec600000, 0x00000000f5b00000, 0x0000000100000000)
  eden space 77312K, 0% used [0x00000000ec600000,0x00000000ec600000,0x00000000f1180000)
  from space 17408K, 99% used [0x00000000f1180000,0x00000000f2278110,0x00000000f2280000)
  to   space 20480K, 0% used [0x00000000f4700000,0x00000000f4700000,0x00000000f5b00000)
 ParOldGen       total 32768K, used 24007K [0x00000000c5200000, 0x00000000c7200000, 0x00000000ec600000)
  object space 32768K, 73% used [0x00000000c5200000,0x00000000c6971c40,0x00000000c7200000)
 Metaspace       used 29389K, capacity 30450K, committed 30592K, reserved 1075200K
  class space    used 3680K, capacity 3942K, committed 3968K, reserved 1048576K
}
Event: 121.535 GC heap before
{Heap before GC invocations=15 (full 1):
 PSYoungGen      total 94720K, used 55550K [0x00000000ec600000, 0x00000000f5b00000, 0x0000000100000000)
  eden space 77312K, 49% used [0x00000000ec600000,0x00000000eeb47938,0x00000000f1180000)
  from space 17408K, 99% used [0x00000000f1180000,0x00000000f2278110,0x00000000f2280000)
  to   space 20480K, 0% used [0x00000000f4700000,0x00000000f4700000,0x00000000f5b00000)
 ParOldGen       total 32768K, used 24007K [0x00000000c5200000, 0x00000000c7200000, 0x00000000ec600000)
  object space 32768K, 73% used [0x00000000c5200000,0x00000000c6971c40,0x00000000c7200000)
 Metaspace       used 34097K, capacity 35354K, committed 35416K, reserved 1081344K
  class space    used 4284K, capacity 4584K, committed 4608K, reserved 1048576K
Event: 121.572 GC heap after
Heap after GC invocations=15 (full 1):
 PSYoungGen      total 125952K, used 10120K [0x00000000ec600000, 0x00000000f5700000, 0x0000000100000000)
  eden space 109568K, 0% used [0x00000000ec600000,0x00000000ec600000,0x00000000f3100000)
  from space 16384K, 61% used [0x00000000f4700000,0x00000000f50e2100,0x00000000f5700000)
  to   space 19456K, 0% used [0x00000000f3100000,0x00000000f3100000,0x00000000f4400000)
 ParOldGen       total 32768K, used 25020K [0x00000000c5200000, 0x00000000c7200000, 0x00000000ec600000)
  object space 32768K, 76% used [0x00000000c5200000,0x00000000c6a6f3b0,0x00000000c7200000)
 Metaspace       used 34097K, capacity 35354K, committed 35416K, reserved 1081344K
  class space    used 4284K, capacity 4584K, committed 4608K, reserved 1048576K
}
Event: 121.572 GC heap before
{Heap before GC invocations=16 (full 2):
 PSYoungGen      total 125952K, used 10120K [0x00000000ec600000, 0x00000000f5700000, 0x0000000100000000)
  eden space 109568K, 0% used [0x00000000ec600000,0x00000000ec600000,0x00000000f3100000)
  from space 16384K, 61% used [0x00000000f4700000,0x00000000f50e2100,0x00000000f5700000)
  to   space 19456K, 0% used [0x00000000f3100000,0x00000000f3100000,0x00000000f4400000)
 ParOldGen       total 32768K, used 25020K [0x00000000c5200000, 0x00000000c7200000, 0x00000000ec600000)
  object space 32768K, 76% used [0x00000000c5200000,0x00000000c6a6f3b0,0x00000000c7200000)
 Metaspace       used 34097K, capacity 35354K, committed 35416K, reserved 1081344K
  class space    used 4284K, capacity 4584K, committed 4608K, reserved 1048576K
Event: 121.926 GC heap after
Heap after GC invocations=16 (full 2):
 PSYoungGen      total 125952K, used 0K [0x00000000ec600000, 0x00000000f5700000, 0x0000000100000000)
  eden space 109568K, 0% used [0x00000000ec600000,0x00000000ec600000,0x00000000f3100000)
  from space 16384K, 0% used [0x00000000f4700000,0x00000000f4700000,0x00000000f5700000)
  to   space 19456K, 0% used [0x00000000f3100000,0x00000000f3100000,0x00000000f4400000)
 ParOldGen       total 54784K, used 22021K [0x00000000c5200000, 0x00000000c8780000, 0x00000000ec600000)
  object space 54784K, 40% used [0x00000000c5200000,0x00000000c6781730,0x00000000c8780000)
 Metaspace       used 34097K, capacity 35354K, committed 35416K, reserved 1081344K
  class space    used 4284K, capacity 4584K, committed 4608K, reserved 1048576K
}

