# JRE version: Java(TM) SE Runtime Environment (8.0_321-b07) (build 1.8.0_321-b07)
# Java VM: Java HotSpot(TM) 64-Bit Server VM (25.321-b07 mixed mode windows-amd64 compressed oops)
Heap:
 PSYoungGen      total 48128K, used 22159K [0x00000000ec600000, 0x00000000f0400000, 0x0000000100000000)
  eden space 38400K, 32% used [0x00000000ec600000,0x00000000ed22b638,0x00000000eeb80000)
  from space 9728K, 99% used [0x00000000ef700000,0x00000000f0078920,0x00000000f0080000)
  to   space 11776K, 0% used [0x00000000eeb80000,0x00000000eeb80000,0x00000000ef700000)
 ParOldGen       total 33280K, used 14570K [0x00000000c5200000, 0x00000000c7280000, 0x00000000ec600000)
  object space 33280K, 43% used [0x00000000c5200000,0x00000000c603a9b0,0x00000000c7280000)
 Metaspace       used 31543K, capacity 33300K, committed 33536K, reserved 1079296K
  class space    used 4171K, capacity 4521K, committed 4608K, reserved 1048576K
GC Heap History (10 events):
Event: 13.337 GC heap before
{Heap before GC invocations=5 (full 1):
 PSYoungGen      total 17920K, used 2528K [0x00000000ec600000, 0x00000000eda00000, 0x0000000100000000)
  eden space 15360K, 0% used [0x00000000ec600000,0x00000000ec600000,0x00000000ed500000)
  from space 2560K, 98% used [0x00000000ed780000,0x00000000ed9f8040,0x00000000eda00000)
  to   space 2560K, 0% used [0x00000000ed500000,0x00000000ed500000,0x00000000ed780000)
 ParOldGen       total 40960K, used 7852K [0x00000000c5200000, 0x00000000c7a00000, 0x00000000ec600000)
  object space 40960K, 19% used [0x00000000c5200000,0x00000000c59ab0d8,0x00000000c7a00000)
 Metaspace       used 20605K, capacity 21092K, committed 21248K, reserved 1067008K
  class space    used 2567K, capacity 2733K, committed 2816K, reserved 1048576K
Event: 13.398 GC heap after
Heap after GC invocations=5 (full 1):
 PSYoungGen      total 17920K, used 0K [0x00000000ec600000, 0x00000000eda00000, 0x0000000100000000)
  eden space 15360K, 0% used [0x00000000ec600000,0x00000000ec600000,0x00000000ed500000)
  from space 2560K, 0% used [0x00000000ed780000,0x00000000ed780000,0x00000000eda00000)
  to   space 2560K, 0% used [0x00000000ed500000,0x00000000ed500000,0x00000000ed780000)
 ParOldGen       total 33280K, used 8025K [0x00000000c5200000, 0x00000000c7280000, 0x00000000ec600000)
  object space 33280K, 24% used [0x00000000c5200000,0x00000000c59d65d0,0x00000000c7280000)
 Metaspace       used 20598K, capacity 21080K, committed 21248K, reserved 1067008K
  class space    used 2566K, capacity 2731K, committed 2816K, reserved 1048576K
}
Event: 28.023 GC heap before
{Heap before GC invocations=6 (full 1):
 PSYoungGen      total 17920K, used 15360K [0x00000000ec600000, 0x00000000eda00000, 0x0000000100000000)
  eden space 15360K, 100% used [0x00000000ec600000,0x00000000ed500000,0x00000000ed500000)
  from space 2560K, 0% used [0x00000000ed780000,0x00000000ed780000,0x00000000eda00000)
  to   space 2560K, 0% used [0x00000000ed500000,0x00000000ed500000,0x00000000ed780000)
 ParOldGen       total 33280K, used 8025K [0x00000000c5200000, 0x00000000c7280000, 0x00000000ec600000)
  object space 33280K, 24% used [0x00000000c5200000,0x00000000c59d65d0,0x00000000c7280000)
 Metaspace       used 24860K, capacity 25654K, committed 25856K, reserved 1071104K
  class space    used 3300K, capacity 3504K, committed 3584K, reserved 1048576K
Event: 28.029 GC heap after
Heap after GC invocations=6 (full 1):
 PSYoungGen      total 17920K, used 2243K [0x00000000ec600000, 0x00000000eeb80000, 0x0000000100000000)
  eden space 15360K, 0% used [0x00000000ec600000,0x00000000ec600000,0x00000000ed500000)
  from space 2560K, 87% used [0x00000000ed500000,0x00000000ed730d20,0x00000000ed780000)
  to   space 6656K, 0% used [0x00000000ee500000,0x00000000ee500000,0x00000000eeb80000)
 ParOldGen       total 33280K, used 9057K [0x00000000c5200000, 0x00000000c7280000, 0x00000000ec600000)
  object space 33280K, 27% used [0x00000000c5200000,0x00000000c5ad85e0,0x00000000c7280000)
 Metaspace       used 24860K, capacity 25654K, committed 25856K, reserved 1071104K
  class space    used 3300K, capacity 3504K, committed 3584K, reserved 1048576K
}
Event: 28.844 GC heap before
{Heap before GC invocations=7 (full 1):
 PSYoungGen      total 17920K, used 17603K [0x00000000ec600000, 0x00000000eeb80000, 0x0000000100000000)
  eden space 15360K, 100% used [0x00000000ec600000,0x00000000ed500000,0x00000000ed500000)
  from space 2560K, 87% used [0x00000000ed500000,0x00000000ed730d20,0x00000000ed780000)
  to   space 6656K, 0% used [0x00000000ee500000,0x00000000ee500000,0x00000000eeb80000)
 ParOldGen       total 33280K, used 9057K [0x00000000c5200000, 0x00000000c7280000, 0x00000000ec600000)
  object space 33280K, 27% used [0x00000000c5200000,0x00000000c5ad85e0,0x00000000c7280000)
 Metaspace       used 26354K, capacity 27256K, committed 27520K, reserved 1073152K
  class space    used 3447K, capacity 3673K, committed 3712K, reserved 1048576K
Event: 28.858 GC heap after
Heap after GC invocations=7 (full 1):
 PSYoungGen      total 31744K, used 4434K [0x00000000ec600000, 0x00000000eec80000, 0x0000000100000000)
  eden space 25088K, 0% used [0x00000000ec600000,0x00000000ec600000,0x00000000ede80000)
  from space 6656K, 66% used [0x00000000ee500000,0x00000000ee9548d8,0x00000000eeb80000)
  to   space 6656K, 0% used [0x00000000ede80000,0x00000000ede80000,0x00000000ee500000)
 ParOldGen       total 33280K, used 9057K [0x00000000c5200000, 0x00000000c7280000, 0x00000000ec600000)
  object space 33280K, 27% used [0x00000000c5200000,0x00000000c5ad85e0,0x00000000c7280000)
 Metaspace       used 26354K, capacity 27256K, committed 27520K, reserved 1073152K
  class space    used 3447K, capacity 3673K, committed 3712K, reserved 1048576K
}
Event: 45.236 GC heap before
{Heap before GC invocations=8 (full 1):
 PSYoungGen      total 31744K, used 29522K [0x00000000ec600000, 0x00000000eec80000, 0x0000000100000000)
  eden space 25088K, 100% used [0x00000000ec600000,0x00000000ede80000,0x00000000ede80000)
  from space 6656K, 66% used [0x00000000ee500000,0x00000000ee9548d8,0x00000000eeb80000)
  to   space 6656K, 0% used [0x00000000ede80000,0x00000000ede80000,0x00000000ee500000)
 ParOldGen       total 33280K, used 9057K [0x00000000c5200000, 0x00000000c7280000, 0x00000000ec600000)
  object space 33280K, 27% used [0x00000000c5200000,0x00000000c5ad85e0,0x00000000c7280000)
 Metaspace       used 29608K, capacity 30748K, committed 30848K, reserved 1075200K
  class space    used 3882K, capacity 4143K, committed 4224K, reserved 1048576K
Event: 45.252 GC heap after
Heap after GC invocations=8 (full 1):
 PSYoungGen      total 31744K, used 6652K [0x00000000ec600000, 0x00000000f0080000, 0x0000000100000000)
  eden space 25088K, 0% used [0x00000000ec600000,0x00000000ec600000,0x00000000ede80000)
  from space 6656K, 99% used [0x00000000ede80000,0x00000000ee4ff0b8,0x00000000ee500000)
  to   space 9728K, 0% used [0x00000000ef700000,0x00000000ef700000,0x00000000f0080000)
 ParOldGen       total 33280K, used 13337K [0x00000000c5200000, 0x00000000c7280000, 0x00000000ec600000)
  object space 33280K, 40% used [0x00000000c5200000,0x00000000c5f06600,0x00000000c7280000)
 Metaspace       used 29608K, capacity 30748K, committed 30848K, reserved 1075200K
  class space    used 3882K, capacity 4143K, committed 4224K, reserved 1048576K
}
Event: 50.503 GC heap before
{Heap before GC invocations=9 (full 1):
 PSYoungGen      total 31744K, used 31740K [0x00000000ec600000, 0x00000000f0080000, 0x0000000100000000)
  eden space 25088K, 100% used [0x00000000ec600000,0x00000000ede80000,0x00000000ede80000)
  from space 6656K, 99% used [0x00000000ede80000,0x00000000ee4ff0b8,0x00000000ee500000)
  to   space 9728K, 0% used [0x00000000ef700000,0x00000000ef700000,0x00000000f0080000)
 ParOldGen       total 33280K, used 13337K [0x00000000c5200000, 0x00000000c7280000, 0x00000000ec600000)
  object space 33280K, 40% used [0x00000000c5200000,0x00000000c5f06600,0x00000000c7280000)
 Metaspace       used 31321K, capacity 33070K, committed 33280K, reserved 1077248K
  class space    used 4166K, capacity 4488K, committed 4608K, reserved 1048576K
Event: 50.522 GC heap after
Heap after GC invocations=9 (full 1):
 PSYoungGen      total 48128K, used 9698K [0x00000000ec600000, 0x00000000f0400000, 0x0000000100000000)
  eden space 38400K, 0% used [0x00000000ec600000,0x00000000ec600000,0x00000000eeb80000)
  from space 9728K, 99% used [0x00000000ef700000,0x00000000f0078920,0x00000000f0080000)
  to   space 11776K, 0% used [0x00000000eeb80000,0x00000000eeb80000,0x00000000ef700000)
 ParOldGen       total 33280K, used 14570K [0x00000000c5200000, 0x00000000c7280000, 0x00000000ec600000)
  object space 33280K, 43% used [0x00000000c5200000,0x00000000c603a9b0,0x00000000c7280000)
 Metaspace       used 31321K, capacity 33070K, committed 33280K, reserved 1077248K
  class space    used 4166K, capacity 4488K, committed 4608K, reserved 1048576K
}

